#
# A fatal error has been detected by the Java Runtime Environment:
#
#  EXCEPTION_ACCESS_VIOLATION (0xc0000005) at pc=0x0000000000000000, pid=2720, tid=0x0000000000000ecc
#
# JRE version: Java(TM) SE Runtime Environment (8.0_101-b13) (build 1.8.0_101-b13)
# Java VM: Java HotSpot(TM) 64-Bit Server VM (25.101-b13 mixed mode windows-amd64 compressed oops)
# Problematic frame:
# C  0x0000000000000000
#
# Failed to write core dump. Minidumps are not enabled by default on client versions of Windows
#
# If you would like to submit a bug report, please visit:
#   http://bugreport.java.com/bugreport/crash.jsp
# The crash happened outside the Java Virtual Machine in native code.
# See problematic frame for where to report the bug.
#

---------------  T H R E A D  ---------------

Current thread (0x0000000002108800):  JavaThread "main" [_thread_in_native, id=3788, stack(0x00000000024c0000,0x00000000025c0000)]

siginfo: ExceptionCode=0xc0000005, ExceptionInformation=0x0000000000000008 0x0000000000000000

Registers:
RAX=0x0000000180004df0, RBX=0x000000002eddc2b8, RCX=0x0000000000000001, RDX=0x00000000025be9a8
RSP=0x00000000025be958, RBP=0x00000000025bea00, RSI=0x0000000000200021, RDI=0x000000000000004d
R8 =0x0000000000000001, R9 =0x0000000002106f00, R10=0x0000000002a87f28, R11=0x000000007020b4a0
R12=0x0000000000000000, R13=0x000000002eddc2b8, R14=0x00000000025bea20, R15=0x0000000002108800
RIP=0x0000000000000000, EFLAGS=0x0000000000010206

Top of Stack: (sp=0x00000000025be958)
0x00000000025be958:   0000000180004e02 00000000025bee00
0x00000000025be968:   0000000002108800 000000002eddc2b8
0x00000000025be978:   0000000000200021 000000000000004d
0x00000000025be988:   0000000002a87f54 0000000002108800
0x00000000025be998:   000000002eddc2b8 0000000000200021
0x00000000025be9a8:   0000000002108800 00000000025bea78
0x00000000025be9b8:   0000000002a87c82 00000000025be9c0
0x00000000025be9c8:   000000002eddc2b8 00000000025bea20
0x00000000025be9d8:   000000002eddf008 0000000000000000
0x00000000025be9e8:   000000002eddc2b8 0000000000000000
0x00000000025be9f8:   00000000025bea20 00000000025bea68
0x00000000025bea08:   0000000002a77da0 00000006c18a8578
0x00000000025bea18:   0000000002a819d6 0000000000000001
0x00000000025bea28:   00000000025bea28 000000002eddc211
0x00000000025bea38:   00000000025bea78 000000002eddf008
0x00000000025bea48:   0000000000000000 000000002eddc230 

Instructions: (pc=0x0000000000000000)
0xffffffffffffffe0:   


Register to memory mapping:

RAX=0x0000000180004df0 is an unknown value
RBX={method} {0x000000002eddc2c0} 'nalGenSources2' '(I)I' in 'org/lwjgl/openal/AL10'
RCX=0x0000000000000001 is an unknown value
RDX=0x00000000025be9a8 is pointing into the stack for thread: 0x0000000002108800
RSP=0x00000000025be958 is pointing into the stack for thread: 0x0000000002108800
RBP=0x00000000025bea00 is pointing into the stack for thread: 0x0000000002108800
RSI=0x0000000000200021 is an unknown value
RDI=0x000000000000004d is an unknown value
R8 =0x0000000000000001 is an unknown value
R9 =0x0000000002106f00 is an unknown value
R10=0x0000000002a87f28 is at code_begin+840 in an Interpreter codelet
method entry point (kind = native)  [0x0000000002a87be0, 0x0000000002a88540]  2400 bytes
R11=0x000000007020b4a0 is an unknown value
R12=0x0000000000000000 is an unknown value
R13={method} {0x000000002eddc2c0} 'nalGenSources2' '(I)I' in 'org/lwjgl/openal/AL10'
R14=0x00000000025bea20 is pointing into the stack for thread: 0x0000000002108800
R15=0x0000000002108800 is a thread


Stack: [0x00000000024c0000,0x00000000025c0000],  sp=0x00000000025be958,  free space=1018k
Native frames: (J=compiled Java code, j=interpreted, Vv=VM code, C=native code)

Java frames: (J=compiled Java code, j=interpreted, Vv=VM code)
j  org.lwjgl.openal.AL10.nalGenSources2(I)I+0
j  org.lwjgl.openal.AL10.alGenSources()I+1
j  engine.audio.Source.<init>()V+30
j  engine.physics.movement.PhysicsComponent.<init>()V+35
j  engine.component.input.PlayerPhysicsComponent.<init>()V+1
j  entities.Player.<init>()V+104
j  engine.game.Game.<clinit>()V+73
v  ~StubRoutines::call_stub
j  engine.display.DisplayManager.startUp()V+40
j  engine.game.Startup.startDisplay()V+0
j  engine.game.Startup.main([Ljava/lang/String;)V+3
v  ~StubRoutines::call_stub

---------------  P R O C E S S  ---------------

Java Threads: ( => current thread )
  0x0000000032980000 JavaThread "AWT-Windows" daemon [_thread_in_native, id=5404, stack(0x00000000333c0000,0x00000000334c0000)]
  0x000000003297f000 JavaThread "AWT-Shutdown" [_thread_blocked, id=5468, stack(0x0000000032660000,0x0000000032760000)]
  0x000000003297e800 JavaThread "Java2D Disposer" daemon [_thread_blocked, id=7448, stack(0x00000000331a0000,0x00000000332a0000)]
  0x00000000304f1800 JavaThread "Service Thread" daemon [_thread_blocked, id=8684, stack(0x0000000032560000,0x0000000032660000)]
  0x00000000304e5800 JavaThread "C1 CompilerThread3" daemon [_thread_blocked, id=8944, stack(0x0000000032430000,0x0000000032530000)]
  0x00000000304e1000 JavaThread "C2 CompilerThread2" daemon [_thread_blocked, id=9120, stack(0x00000000321e0000,0x00000000322e0000)]
  0x0000000030479800 JavaThread "C2 CompilerThread1" daemon [_thread_blocked, id=8268, stack(0x0000000032040000,0x0000000032140000)]
  0x0000000030475800 JavaThread "C2 CompilerThread0" daemon [_thread_blocked, id=5840, stack(0x0000000031e50000,0x0000000031f50000)]
  0x0000000030463800 JavaThread "Monitor Ctrl-Break" daemon [_thread_in_native, id=4900, stack(0x0000000031c90000,0x0000000031d90000)]
  0x0000000030410000 JavaThread "Attach Listener" daemon [_thread_blocked, id=4912, stack(0x00000000319d0000,0x0000000031ad0000)]
  0x000000003040f000 JavaThread "Signal Dispatcher" daemon [_thread_blocked, id=3492, stack(0x0000000031540000,0x0000000031640000)]
  0x000000002f242800 JavaThread "Finalizer" daemon [_thread_blocked, id=6540, stack(0x0000000031810000,0x0000000031910000)]
  0x000000002f23b800 JavaThread "Reference Handler" daemon [_thread_blocked, id=3620, stack(0x0000000031650000,0x0000000031750000)]
=>0x0000000002108800 JavaThread "main" [_thread_in_native, id=3788, stack(0x00000000024c0000,0x00000000025c0000)]

Other Threads:
  0x000000002f232800 VMThread [stack: 0x00000000313f0000,0x00000000314f0000] [id=4780]
  0x000000003055f800 WatcherThread [stack: 0x0000000032790000,0x0000000032890000] [id=8232]

VM state:not at safepoint (normal execution)

VM Mutex/Monitor currently owned by a thread: None

Heap:
 PSYoungGen      total 76288K, used 10596K [0x00000006c0f00000, 0x00000006c6400000, 0x00000007c0000000)
  eden space 65536K, 16% used [0x00000006c0f00000,0x00000006c19592a8,0x00000006c4f00000)
  from space 10752K, 0% used [0x00000006c5980000,0x00000006c5980000,0x00000006c6400000)
  to   space 10752K, 0% used [0x00000006c4f00000,0x00000006c4f00000,0x00000006c5980000)
 ParOldGen       total 175104K, used 0K [0x00000004c2c00000, 0x00000004cd700000, 0x00000006c0f00000)
  object space 175104K, 0% used [0x00000004c2c00000,0x00000004c2c00000,0x00000004cd700000)
 Metaspace       used 6327K, capacity 6548K, committed 6784K, reserved 1056768K
  class space    used 710K, capacity 797K, committed 896K, reserved 1048576K

Card table byte_map: [0x0000000011e30000,0x0000000013620000] byte_map_base: 0x000000000f81a000

Marking Bits: (ParMarkBitMap*) 0x00000000707fa6d0
 Begin Bits: [0x00000000151c0000, 0x0000000021110000)
 End Bits:   [0x0000000021110000, 0x000000002d060000)

Polling page: 0x0000000001b80000

CodeCache: size=245760Kb used=1688Kb max_used=1701Kb free=244071Kb
 bounds [0x0000000002a70000, 0x0000000002ce0000, 0x0000000011a70000]
 total_blobs=659 nmethods=290 adapters=282
 compilation: enabled

Compilation events (10 events):
Event: 0.946 Thread 0x00000000304e5800 nmethod 284 0x0000000002c162d0 code [0x0000000002c16440, 0x0000000002c166b0]
Event: 0.948 Thread 0x00000000304e1000  286       4       java.lang.String::indexOf (166 bytes)
Event: 0.948 Thread 0x00000000304e5800  287       1       java.net.URLClassLoader::access$000 (5 bytes)
Event: 0.948 Thread 0x00000000304e5800 nmethod 287 0x0000000002c15e10 code [0x0000000002c15f60, 0x0000000002c16050]
Event: 0.949 Thread 0x00000000304e5800  288       1       java.security.CodeSource::getLocation (5 bytes)
Event: 0.949 Thread 0x00000000304e5800 nmethod 288 0x0000000002c15b50 code [0x0000000002c15ca0, 0x0000000002c15db0]
Event: 0.949 Thread 0x00000000304e5800  289       3       sun.misc.URLClassPath::getResource (83 bytes)
Event: 0.949 Thread 0x00000000304e5800 nmethod 289 0x0000000002c15050 code [0x0000000002c151e0, 0x0000000002c155a8]
Event: 0.949 Thread 0x00000000304e5800  290       1       java.net.URL::getUserInfo (5 bytes)
Event: 0.949 Thread 0x00000000304e5800 nmethod 290 0x0000000002c14d90 code [0x0000000002c14ee0, 0x0000000002c14ff0]

GC Heap History (0 events):
No events

Deoptimization events (0 events):
No events

Internal exceptions (10 events):
Event: 0.042 Thread 0x0000000002108800 Exception <a 'java/lang/NoSuchMethodError': Method sun.misc.Unsafe.defineClass(Ljava/lang/String;[BII)Ljava/lang/Class; name or signature does not match> (0x00000006c0f07cc0) thrown at [C:\re\workspace\8-2-build-windows-amd64-cygwin\jdk8u101\7261\hotspot\sðY#œU¥?
Event: 0.042 Thread 0x0000000002108800 Exception <a 'java/lang/NoSuchMethodError': Method sun.misc.Unsafe.prefetchRead(Ljava/lang/Object;J)V name or signature does not match> (0x00000006c0f07fa8) thrown at [C:\re\workspace\8-2-build-windows-amd64-cygwin\jdk8u101\7261\hotspot\src\share\vm\prims\¡¬RAF	Á?
Event: 0.133 Thread 0x0000000002108800 Exception <a 'java/security/PrivilegedActionException'> (0x00000006c131ada0) thrown at [C:\re\workspace\8-2-build-windows-amd64-cygwin\jdk8u101\7261\hotspot\src\share\vm\prims\jvm.cpp, line 1386]
Event: 0.133 Thread 0x0000000002108800 Exception <a 'java/security/PrivilegedActionException'> (0x00000006c131afb0) thrown at [C:\re\workspace\8-2-build-windows-amd64-cygwin\jdk8u101\7261\hotspot\src\share\vm\prims\jvm.cpp, line 1386]
Event: 0.134 Thread 0x0000000002108800 Exception <a 'java/security/PrivilegedActionException'> (0x00000006c131ee98) thrown at [C:\re\workspace\8-2-build-windows-amd64-cygwin\jdk8u101\7261\hotspot\src\share\vm\prims\jvm.cpp, line 1386]
Event: 0.134 Thread 0x0000000002108800 Exception <a 'java/security/PrivilegedActionException'> (0x00000006c131f0a8) thrown at [C:\re\workspace\8-2-build-windows-amd64-cygwin\jdk8u101\7261\hotspot\src\share\vm\prims\jvm.cpp, line 1386]
Event: 0.137 Thread 0x0000000002108800 Exception <a 'java/io/FileNotFoundException'> (0x00000006c1327610) thrown at [C:\re\workspace\8-2-build-windows-amd64-cygwin\jdk8u101\7261\hotspot\src\share\vm\prims\jni.cpp, line 709]
Event: 0.161 Thread 0x0000000002108800 Exception <a 'java/lang/NoSuchFieldError': method resolution failed> (0x00000006c14536c0) thrown at [C:\re\workspace\8-2-build-windows-amd64-cygwin\jdk8u101\7261\hotspot\src\share\vm\prims\methodHandles.cpp, line 1146]
Event: 0.162 Thread 0x0000000002108800 Exception <a 'java/lang/NoSuchFieldError': method resolution failed> (0x00000006c1461538) thrown at [C:\re\workspace\8-2-build-windows-amd64-cygwin\jdk8u101\7261\hotspot\src\share\vm\prims\methodHandles.cpp, line 1146]
Event: 0.229 Thread 0x0000000002108800 Exception <a 'java/io/FileNotFoundException'> (0x00000006c16c1428) thrown at [C:\re\workspace\8-2-build-windows-amd64-cygwin\jdk8u101\7261\hotspot\src\share\vm\prims\jni.cpp, line 709]

Events (10 events):
Event: 0.946 loading class engine/entity/Entity
Event: 0.946 loading class engine/entity/Entity done
Event: 0.947 loading class engine/component/ComponentManager
Event: 0.947 loading class engine/component/ComponentManager done
Event: 0.948 loading class engine/physics/collision/AABB
Event: 0.948 loading class engine/physics/collision/AABB done
Event: 0.948 loading class engine/audio/Source
Event: 0.948 loading class engine/audio/Source done
Event: 0.949 loading class org/lwjgl/openal/AL10
Event: 0.949 loading class org/lwjgl/openal/AL10 done


Dynamic libraries:
0x000000013f0a0000 - 0x000000013f0d7000 	C:\Program Files\Java\jdk1.8.0_101\bin\java.exe
0x0000000076ec0000 - 0x000000007706a000 	C:\Windows\SYSTEM32\ntdll.dll
0x0000000076da0000 - 0x0000000076ebf000 	C:\Windows\system32\kernel32.dll
0x000007fefcd50000 - 0x000007fefcdba000 	C:\Windows\system32\KERNELBASE.dll
0x000007fefef90000 - 0x000007feff06b000 	C:\Windows\system32\ADVAPI32.dll
0x000007fefe4f0000 - 0x000007fefe58f000 	C:\Windows\system32\msvcrt.dll
0x000007fefed70000 - 0x000007fefed8f000 	C:\Windows\SYSTEM32\sechost.dll
0x000007fefd400000 - 0x000007fefd52d000 	C:\Windows\system32\RPCRT4.dll
0x0000000076ca0000 - 0x0000000076d9a000 	C:\Windows\system32\USER32.dll
0x000007fefeaa0000 - 0x000007fefeb07000 	C:\Windows\system32\GDI32.dll
0x000007fefeb10000 - 0x000007fefeb1e000 	C:\Windows\system32\LPK.dll
0x000007fefe590000 - 0x000007fefe65b000 	C:\Windows\system32\USP10.dll
0x000007fefb3a0000 - 0x000007fefb594000 	C:\Windows\WinSxS\amd64_microsoft.windows.common-controls_6595b64144ccf1df_6.0.7601.18837_none_fa3b1e3d17594757\COMCTL32.dll
0x000007fefe810000 - 0x000007fefe881000 	C:\Windows\system32\SHLWAPI.dll
0x000007fefe7e0000 - 0x000007fefe80e000 	C:\Windows\system32\IMM32.DLL
0x000007feff070000 - 0x000007feff179000 	C:\Windows\system32\MSCTF.dll
0x000007fefcb20000 - 0x000007fefcb45000 	C:\Windows\system32\SspiCli.dll
0x0000000078e90000 - 0x0000000078f62000 	C:\Program Files\Java\jdk1.8.0_101\jre\bin\msvcr100.dll
0x000000006ffe0000 - 0x000000007087a000 	C:\Program Files\Java\jdk1.8.0_101\jre\bin\server\jvm.dll
0x000007fef9110000 - 0x000007fef9119000 	C:\Windows\system32\WSOCK32.dll
0x000007feff180000 - 0x000007feff1cd000 	C:\Windows\system32\WS2_32.dll
0x000007fefed00000 - 0x000007fefed08000 	C:\Windows\system32\NSI.dll
0x000007fefa8d0000 - 0x000007fefa90b000 	C:\Windows\system32\WINMM.dll
0x000007fefbdf0000 - 0x000007fefbdfc000 	C:\Windows\system32\VERSION.dll
0x0000000077080000 - 0x0000000077087000 	C:\Windows\system32\PSAPI.DLL
0x00000000653c0000 - 0x00000000653cf000 	C:\Program Files\Java\jdk1.8.0_101\jre\bin\verify.dll
0x0000000065390000 - 0x00000000653b9000 	C:\Program Files\Java\jdk1.8.0_101\jre\bin\java.dll
0x0000000065340000 - 0x0000000065363000 	C:\Program Files\Java\jdk1.8.0_101\jre\bin\instrument.dll
0x0000000065370000 - 0x0000000065386000 	C:\Program Files\Java\jdk1.8.0_101\jre\bin\zip.dll
0x000007fefd530000 - 0x000007fefe2bb000 	C:\Windows\system32\SHELL32.dll
0x000007fefed90000 - 0x000007fefef8c000 	C:\Windows\system32\ole32.dll
0x000007fefcd20000 - 0x000007fefcd2f000 	C:\Windows\system32\profapi.dll
0x000007fef0670000 - 0x000007fef068a000 	C:\Program Files (x86)\JetBrains\IntelliJ IDEA 2017.1\bin\breakgen64.dll
0x0000000064860000 - 0x000000006487a000 	C:\Program Files\Java\jdk1.8.0_101\jre\bin\net.dll
0x000007fefc4e0000 - 0x000007fefc535000 	C:\Windows\system32\mswsock.dll
0x000007fefc4d0000 - 0x000007fefc4d7000 	C:\Windows\System32\wship6.dll
0x000000006c600000 - 0x000000006c798000 	C:\Program Files\Java\jdk1.8.0_101\jre\bin\awt.dll
0x000007fefe700000 - 0x000007fefe7da000 	C:\Windows\system32\OLEAUT32.dll
0x000007fefb2f0000 - 0x000007fefb346000 	C:\Windows\system32\uxtheme.dll
0x000007fefaf10000 - 0x000007fefaf28000 	C:\Windows\system32\dwmapi.dll
0x000007fefcbb0000 - 0x000007fefcbbf000 	C:\Windows\system32\CRYPTBASE.dll
0x0000000180000000 - 0x0000000180051000 	C:\Sandbox\Sandbox\libs\lwjgl64.dll
0x000007feeb6b0000 - 0x000007feeb7cd000 	C:\Windows\system32\OPENGL32.dll
0x000007fef2eb0000 - 0x000007fef2edd000 	C:\Windows\system32\GLU32.dll
0x000007feeb5b0000 - 0x000007feeb6a1000 	C:\Windows\system32\DDRAW.dll
0x000007fef4b30000 - 0x000007fef4b38000 	C:\Windows\system32\DCIMAN32.dll
0x000007fefeb20000 - 0x000007fefecf7000 	C:\Windows\system32\SETUPAPI.dll
0x000007fefd090000 - 0x000007fefd0c6000 	C:\Windows\system32\CFGMGR32.dll
0x000007fefcd30000 - 0x000007fefcd4a000 	C:\Windows\system32\DEVOBJ.dll
0x0000000064890000 - 0x0000000064897000 	C:\Program Files\Java\jdk1.8.0_101\jre\bin\jawt.dll
0x000007fee6ea0000 - 0x000007fee709f000 	C:\Windows\system32\d3d9.dll
0x000007fefacf0000 - 0x000007fefacf7000 	C:\Windows\system32\d3d8thk.dll
0x000007fed7340000 - 0x000007fed82e5000 	C:\Windows\system32\nvd3dumx.dll
0x000007fef56f0000 - 0x000007fef58c5000 	C:\Windows\system32\nvspcap64.dll
0x000007fef7ea0000 - 0x000007fef7f11000 	C:\Windows\system32\WINHTTP.dll
0x000007fef7e30000 - 0x000007fef7e95000 	C:\Windows\system32\webio.dll
0x000007fefad30000 - 0x000007fefad41000 	C:\Windows\system32\WTSAPI32.dll
0x000007fef58d0000 - 0x000007fef5ce5000 	C:\Windows\system32\nvapi64.dll
0x000007fefbb70000 - 0x000007fefbb9c000 	C:\Windows\system32\powrprof.dll
0x000007fefa1d0000 - 0x000007fefa2b9000 	C:\Program Files (x86)\NVIDIA Corporation\3D Vision\nvSCPAPI64.dll
0x000007fef81e0000 - 0x000007fef8305000 	C:\Windows\system32\dbghelp.dll

VM Arguments:
jvm_args: -Dvisualvm.id=4415158737249 -Djava.library.path=libs/ -javaagent:C:\Program Files (x86)\JetBrains\IntelliJ IDEA 2017.1\lib\idea_rt.jar=50706:C:\Program Files (x86)\JetBrains\IntelliJ IDEA 2017.1\bin -Dfile.encoding=UTF-8 -Xmx12244M 
java_command: engine.game.Startup
java_class_path (initial): C:\Program Files\Java\jdk1.8.0_101\jre\lib\charsets.jar;C:\Program Files\Java\jdk1.8.0_101\jre\lib\deploy.jar;C:\Program Files\Java\jdk1.8.0_101\jre\lib\ext\access-bridge-64.jar;C:\Program Files\Java\jdk1.8.0_101\jre\lib\ext\cldrdata.jar;C:\Program Files\Java\jdk1.8.0_101\jre\lib\ext\dnsns.jar;C:\Program Files\Java\jdk1.8.0_101\jre\lib\ext\jaccess.jar;C:\Program Files\Java\jdk1.8.0_101\jre\lib\ext\jfxrt.jar;C:\Program Files\Java\jdk1.8.0_101\jre\lib\ext\localedata.jar;C:\Program Files\Java\jdk1.8.0_101\jre\lib\ext\nashorn.jar;C:\Program Files\Java\jdk1.8.0_101\jre\lib\ext\sunec.jar;C:\Program Files\Java\jdk1.8.0_101\jre\lib\ext\sunjce_provider.jar;C:\Program Files\Java\jdk1.8.0_101\jre\lib\ext\sunmscapi.jar;C:\Program Files\Java\jdk1.8.0_101\jre\lib\ext\sunpkcs11.jar;C:\Program Files\Java\jdk1.8.0_101\jre\lib\ext\zipfs.jar;C:\Program Files\Java\jdk1.8.0_101\jre\lib\javaws.jar;C:\Program Files\Java\jdk1.8.0_101\jre\lib\jce.jar;C:\Program Files\Java\jdk1.8.0_101\jre\lib\jfr.jar;C:\Program Files\Java\jdk1.8.0_101\jre\lib\jfxswt.jar;C:\Program Files\Java\jdk1.8.0_101\jre\lib\jsse.jar;C:\Program Files\Java\jdk1.8.0_101\jre\lib\management-agent.jar;C:\Program Files\Java\jdk1.8.0_101\jre\lib\plugin.jar;C:\Program Files\Java\jdk1.8.0_101\jre\lib\resources.jar;C:\Program Files\Java\jdk1.8.0_101\jre\lib\rt.jar;C:\Sandbox\Sandbox\out\production\Sandbox;C:\Sandbox\Sandbox\lib\jars\slick-util.jar;C:\Sandbox\Sandbox\lib\jars\lwjgl_util.jar;C:\Sandbox\Sandbox\lib\jars\lwjgl.jar;C:\Program Files (x86)\JetBrains\IntelliJ IDEA 2017.1\lib\idea_rt.jar
Launcher Type: SUN_STANDARD

Environment Variables:
_JAVA_OPTIONS=-Xmx12244M
PATH=C:\ProgramData\Oracle\Java\javapath;C:\Program Files (x86)\Intel\iCLS Client\;C:\Program Files\Intel\iCLS Client\;C:\Windows\system32;C:\Windows;C:\Windows\System32\Wbem;C:\Windows\System32\WindowsPowerShell\v1.0\;C:\Program Files\Intel\Intel(R) Management Engine Components\DAL;C:\Program Files\Intel\Intel(R) Management Engine Components\IPT;C:\Program Files (x86)\Intel\Intel(R) Management Engine Components\DAL;C:\Program Files (x86)\Intel\Intel(R) Management Engine Components\IPT;D:\Program Files\Minecraft\WorldPainter;C:\Program Files (x86)\NVIDIA Corporation\PhysX\Common;C:\Program Files (x86)\Skype\Phone\;C:\Program Files (x86)\Gource\cmd;C:\Program Files\Microsoft SQL Server\120\Tools\Binn\;C:\Program Files\Microsoft SQL Server\130\Tools\Binn\
USERNAME=Owner
OS=Windows_NT
PROCESSOR_IDENTIFIER=Intel64 Family 6 Model 60 Stepping 3, GenuineIntel



---------------  S Y S T E M  ---------------

OS: Windows 7 , 64 bit Build 7601 (6.1.7601.23807)

CPU:total 8 (4 cores per cpu, 2 threads per core) family 6 model 60 stepping 3, cmov, cx8, fxsr, mmx, sse, sse2, sse3, ssse3, sse4.1, sse4.2, popcnt, avx, avx2, aes, clmul, erms, rtm, lzcnt, ht, tsc, tscinvbit, bmi1, bmi2

Memory: 4k page, physical 16713264k(11198240k free), swap 33424668k(25791396k free)

vm_info: Java HotSpot(TM) 64-Bit Server VM (25.101-b13) for windows-amd64 JRE (1.8.0_101-b13), built on Jun 22 2016 01:21:29 by "java_re" with MS VC++ 10.0 (VS2010)

time: Tue Jun 20 11:03:20 2017
elapsed time: 0 seconds (0d 0h 0m 0s)

