#
# A fatal error has been detected by the Java Runtime Environment:
#
#  EXCEPTION_ACCESS_VIOLATION (0xc0000005) at pc=0x0000000069a04ca7, pid=9212, tid=0x0000000000002114
#
# JRE version: Java(TM) SE Runtime Environment (8.0_101-b13) (build 1.8.0_101-b13)
# Java VM: Java HotSpot(TM) 64-Bit Server VM (25.101-b13 mixed mode windows-amd64 compressed oops)
# Problematic frame:
# C  [nvoglv64.DLL+0xf94ca7]
#
# Failed to write core dump. Minidumps are not enabled by default on client versions of Windows
#
# If you would like to submit a bug report, please visit:
#   http://bugreport.java.com/bugreport/crash.jsp
# The crash happened outside the Java Virtual Machine in native code.
# See problematic frame for where to report the bug.
#

---------------  T H R E A D  ---------------

Current thread (0x0000000001c18000):  JavaThread "main" [_thread_in_native, id=8468, stack(0x0000000002290000,0x0000000002390000)]

siginfo: ExceptionCode=0xc0000005, reading address 0x0000000000000000

Registers:
RAX=0x000000003538f448, RBX=0x00000000337a0aa8, RCX=0x0000000000000360, RDX=0xffffffffcac70bb8
RSP=0x000000000238eeb8, RBP=0x0000000000000007, RSI=0x0000000000000000, RDI=0x000000003538f448
R8 =0x0000000000000036, R9 =0x0000000000000036, R10=0x0000000000000000, R11=0x000000003538f448
R12=0x0000000000000000, R13=0x0000000068a70000, R14=0x0000000000000000, R15=0x00000000337a0828
RIP=0x0000000069a04ca7, EFLAGS=0x0000000000010203

Top of Stack: (sp=0x000000000238eeb8)
0x000000000238eeb8:   00000000695731ba 0000000001c18f90
0x000000000238eec8:   000000006fd8c65b 000000000238f558
0x000000000238eed8:   00000000694119bb 0000000001c18000
0x000000000238eee8:   0000000000000036 0000000000000000
0x000000000238eef8:   000000000051810b 00000000337a0828
0x000000000238ef08:   0000000069573fa2 00000000337a0080
0x000000000238ef18:   0000000000000004 0000000000000000
0x000000000238ef28:   0000000700000000 0000000001c18000
0x000000000238ef38:   000000000238f030 000000002eafc008
0x000000000238ef48:   0000000000000000 0000000000000a7d
0x000000000238ef58:   00000000027d7f54 000000002eafc008
0x000000000238ef68:   000000000238eff0 0000000000000128
0x000000000238ef78:   00000000027d8480 0000000000000036
0x000000000238ef88:   00000000694c8760 00000000000003d8
0x000000000238ef98:   0000000000000001 000000002ecedc60
0x000000000238efa8:   0000000001c18000 000000000238efb0 

Instructions: (pc=0x0000000069a04ca7)
0x0000000069a04c87:   0f ba 25 21 0b 0e 01 01 0f 83 ab 01 00 00 49 8b
0x0000000069a04c97:   c3 4c 8b df 48 8b f9 49 8b c8 4c 8b c6 49 8b f2
0x0000000069a04ca7:   f3 a4 49 8b f0 49 8b fb c3 0f 10 02 41 0f 10 4c
0x0000000069a04cb7:   10 f0 0f 11 01 41 0f 11 4c 08 f0 48 8b c1 c3 66 


Register to memory mapping:

RAX=0x000000003538f448 is an unknown value
RBX=0x00000000337a0aa8 is an unknown value
RCX=0x0000000000000360 is an unknown value
RDX=0xffffffffcac70bb8 is an unknown value
RSP=0x000000000238eeb8 is pointing into the stack for thread: 0x0000000001c18000
RBP=0x0000000000000007 is an unknown value
RSI=0x0000000000000000 is an unknown value
RDI=0x000000003538f448 is an unknown value
R8 =0x0000000000000036 is an unknown value
R9 =0x0000000000000036 is an unknown value
R10=0x0000000000000000 is an unknown value
R11=0x000000003538f448 is an unknown value
R12=0x0000000000000000 is an unknown value
R13=0x0000000068a70000 is an unknown value
R14=0x0000000000000000 is an unknown value
R15=0x00000000337a0828 is an unknown value


Stack: [0x0000000002290000,0x0000000002390000],  sp=0x000000000238eeb8,  free space=1019k
Native frames: (J=compiled Java code, j=interpreted, Vv=VM code, C=native code)
C  [nvoglv64.DLL+0xf94ca7]
C  [nvoglv64.DLL+0xb031ba]
C  [nvoglv64.DLL+0xb03fa2]
C  0x00000000027d7f54

Java frames: (J=compiled Java code, j=interpreted, Vv=VM code)
j  org.lwjgl.opengl.GL11.nglDrawArrays(IIIJ)V+0
j  org.lwjgl.opengl.GL11.glDrawArrays(III)V+20
j  engine.graphics.particle.ParticleRenderer.render(Lengine/graphics/Camera;)V+137
j  engine.graphics.Renderer.render()V+71
j  engine.game.state.menustate.MenuState.render()V+86
j  engine.game.state.menustate.MenuState.update()V+339
j  engine.game.Loop.update()V+349
j  engine.game.Startup.startLoop()V+0
j  engine.game.Startup.main([Ljava/lang/String;)V+6
v  ~StubRoutines::call_stub

---------------  P R O C E S S  ---------------

Java Threads: ( => current thread )
  0x0000000032530800 JavaThread "AWT-Windows" daemon [_thread_in_native, id=9208, stack(0x0000000033100000,0x0000000033200000)]
  0x000000003252e800 JavaThread "Java2D Disposer" daemon [_thread_blocked, id=2848, stack(0x0000000032cc0000,0x0000000032dc0000)]
  0x00000000301fa000 JavaThread "Service Thread" daemon [_thread_blocked, id=7980, stack(0x0000000032210000,0x0000000032310000)]
  0x00000000301ee000 JavaThread "C1 CompilerThread3" daemon [_thread_blocked, id=7540, stack(0x0000000032040000,0x0000000032140000)]
  0x00000000301cd800 JavaThread "C2 CompilerThread2" daemon [_thread_in_native, id=4252, stack(0x0000000031e50000,0x0000000031f50000)]
  0x0000000030174000 JavaThread "C2 CompilerThread1" daemon [_thread_in_native, id=640, stack(0x00000000318a0000,0x00000000319a0000)]
  0x0000000030172800 JavaThread "C2 CompilerThread0" daemon [_thread_blocked, id=3076, stack(0x0000000031ba0000,0x0000000031ca0000)]
  0x000000003014f000 JavaThread "Monitor Ctrl-Break" daemon [_thread_in_native, id=3276, stack(0x00000000319e0000,0x0000000031ae0000)]
  0x00000000300fb800 JavaThread "Attach Listener" daemon [_thread_blocked, id=8544, stack(0x0000000031730000,0x0000000031830000)]
  0x00000000300fa800 JavaThread "Signal Dispatcher" daemon [_thread_blocked, id=4116, stack(0x0000000031500000,0x0000000031600000)]
  0x000000002ef3f000 JavaThread "Finalizer" daemon [_thread_blocked, id=8388, stack(0x00000000313b0000,0x00000000314b0000)]
  0x000000002ef38800 JavaThread "Reference Handler" daemon [_thread_blocked, id=8644, stack(0x0000000031000000,0x0000000031100000)]
=>0x0000000001c18000 JavaThread "main" [_thread_in_native, id=8468, stack(0x0000000002290000,0x0000000002390000)]

Other Threads:
  0x00000000300b2000 VMThread [stack: 0x00000000311c0000,0x00000000312c0000] [id=6520]
  0x0000000030262000 WatcherThread [stack: 0x0000000032330000,0x0000000032430000] [id=6996]

VM state:not at safepoint (normal execution)

VM Mutex/Monitor currently owned by a thread: None

Heap:
 PSYoungGen      total 141824K, used 74379K [0x00000006c0f00000, 0x00000006d4100000, 0x00000007c0000000)
  eden space 131072K, 50% used [0x00000006c0f00000,0x00000006c5012d40,0x00000006c8f00000)
  from space 10752K, 72% used [0x00000006c8f00000,0x00000006c9690000,0x00000006c9980000)
  to   space 25600K, 0% used [0x00000006d2800000,0x00000006d2800000,0x00000006d4100000)
 ParOldGen       total 175104K, used 29361K [0x00000004c2c00000, 0x00000004cd700000, 0x00000006c0f00000)
  object space 175104K, 16% used [0x00000004c2c00000,0x00000004c48ac6f8,0x00000004cd700000)
 Metaspace       used 9088K, capacity 9235K, committed 9472K, reserved 1058816K
  class space    used 934K, capacity 1024K, committed 1024K, reserved 1048576K

Card table byte_map: [0x0000000011b80000,0x0000000013370000] byte_map_base: 0x000000000f56a000

Marking Bits: (ParMarkBitMap*) 0x00000000704ea6d0
 Begin Bits: [0x0000000014ec0000, 0x0000000020e10000)
 End Bits:   [0x0000000020e10000, 0x000000002cd60000)

Polling page: 0x00000000005e0000

CodeCache: size=245760Kb used=3929Kb max_used=3941Kb free=241830Kb
 bounds [0x00000000027c0000, 0x0000000002ba0000, 0x00000000117c0000]
 total_blobs=1388 nmethods=872 adapters=429
 compilation: enabled

Compilation events (10 events):
Event: 2.221 Thread 0x00000000301ee000  870       3       java.nio.DirectByteBuffer::get (16 bytes)
Event: 2.221 Thread 0x00000000301ee000 nmethod 870 0x0000000002b87490 code [0x0000000002b87600, 0x0000000002b87870]
Event: 2.225 Thread 0x00000000301ee000  872       3       java.nio.DirectFloatBufferU::ix (10 bytes)
Event: 2.226 Thread 0x00000000301ee000 nmethod 872 0x0000000002b95fd0 code [0x0000000002b96120, 0x0000000002b96290]
Event: 2.226 Thread 0x00000000301ee000  874       3       java.nio.DirectFloatBufferU::put (17 bytes)
Event: 2.226 Thread 0x00000000301ee000 nmethod 874 0x0000000002b96690 code [0x0000000002b96800, 0x0000000002b96b88]
Event: 2.226 Thread 0x00000000301ee000  873       1       java.nio.DirectFloatBufferU::isDirect (2 bytes)
Event: 2.226 Thread 0x00000000301ee000 nmethod 873 0x0000000002b96d10 code [0x0000000002b96e60, 0x0000000002b96f70]
Event: 2.226 Thread 0x0000000030172800 nmethod 831 0x0000000002b96fd0 code [0x0000000002b972e0, 0x0000000002b994f8]
Event: 2.226 Thread 0x0000000030172800  871       4       java.nio.DirectByteBuffer::put (18 bytes)

GC Heap History (10 events):
Event: 1.568 GC heap before
{Heap before GC invocations=1 (full 0):
 PSYoungGen      total 76288K, used 65536K [0x00000006c0f00000, 0x00000006c6400000, 0x00000007c0000000)
  eden space 65536K, 100% used [0x00000006c0f00000,0x00000006c4f00000,0x00000006c4f00000)
  from space 10752K, 0% used [0x00000006c5980000,0x00000006c5980000,0x00000006c6400000)
  to   space 10752K, 0% used [0x00000006c4f00000,0x00000006c4f00000,0x00000006c5980000)
 ParOldGen       total 175104K, used 0K [0x00000004c2c00000, 0x00000004cd700000, 0x00000006c0f00000)
  object space 175104K, 0% used [0x00000004c2c00000,0x00000004c2c00000,0x00000004cd700000)
 Metaspace       used 8767K, capacity 8915K, committed 9216K, reserved 1056768K
  class space    used 889K, capacity 960K, committed 1024K, reserved 1048576K
Event: 1.574 GC heap after
Heap after GC invocations=1 (full 0):
 PSYoungGen      total 76288K, used 10736K [0x00000006c0f00000, 0x00000006c6400000, 0x00000007c0000000)
  eden space 65536K, 0% used [0x00000006c0f00000,0x00000006c0f00000,0x00000006c4f00000)
  from space 10752K, 99% used [0x00000006c4f00000,0x00000006c597c030,0x00000006c5980000)
  to   space 10752K, 0% used [0x00000006c5980000,0x00000006c5980000,0x00000006c6400000)
 ParOldGen       total 175104K, used 9105K [0x00000004c2c00000, 0x00000004cd700000, 0x00000006c0f00000)
  object space 175104K, 5% used [0x00000004c2c00000,0x00000004c34e46d8,0x00000004cd700000)
 Metaspace       used 8767K, capacity 8915K, committed 9216K, reserved 1056768K
  class space    used 889K, capacity 960K, committed 1024K, reserved 1048576K
}
Event: 1.682 GC heap before
{Heap before GC invocations=2 (full 0):
 PSYoungGen      total 76288K, used 76272K [0x00000006c0f00000, 0x00000006c6400000, 0x00000007c0000000)
  eden space 65536K, 100% used [0x00000006c0f00000,0x00000006c4f00000,0x00000006c4f00000)
  from space 10752K, 99% used [0x00000006c4f00000,0x00000006c597c030,0x00000006c5980000)
  to   space 10752K, 0% used [0x00000006c5980000,0x00000006c5980000,0x00000006c6400000)
 ParOldGen       total 175104K, used 9105K [0x00000004c2c00000, 0x00000004cd700000, 0x00000006c0f00000)
  object space 175104K, 5% used [0x00000004c2c00000,0x00000004c34e46d8,0x00000004cd700000)
 Metaspace       used 8816K, capacity 8979K, committed 9216K, reserved 1056768K
  class space    used 893K, capacity 960K, committed 1024K, reserved 1048576K
Event: 1.689 GC heap after
Heap after GC invocations=2 (full 0):
 PSYoungGen      total 76288K, used 10720K [0x00000006c0f00000, 0x00000006ca400000, 0x00000007c0000000)
  eden space 65536K, 0% used [0x00000006c0f00000,0x00000006c0f00000,0x00000006c4f00000)
  from space 10752K, 99% used [0x00000006c5980000,0x00000006c63f8030,0x00000006c6400000)
  to   space 10752K, 0% used [0x00000006c4f00000,0x00000006c4f00000,0x00000006c5980000)
 ParOldGen       total 175104K, used 18321K [0x00000004c2c00000, 0x00000004cd700000, 0x00000006c0f00000)
  object space 175104K, 10% used [0x00000004c2c00000,0x00000004c3de46d8,0x00000004cd700000)
 Metaspace       used 8816K, capacity 8979K, committed 9216K, reserved 1056768K
  class space    used 893K, capacity 960K, committed 1024K, reserved 1048576K
}
Event: 1.802 GC heap before
{Heap before GC invocations=3 (full 0):
 PSYoungGen      total 76288K, used 76256K [0x00000006c0f00000, 0x00000006ca400000, 0x00000007c0000000)
  eden space 65536K, 100% used [0x00000006c0f00000,0x00000006c4f00000,0x00000006c4f00000)
  from space 10752K, 99% used [0x00000006c5980000,0x00000006c63f8030,0x00000006c6400000)
  to   space 10752K, 0% used [0x00000006c4f00000,0x00000006c4f00000,0x00000006c5980000)
 ParOldGen       total 175104K, used 18321K [0x00000004c2c00000, 0x00000004cd700000, 0x00000006c0f00000)
  object space 175104K, 10% used [0x00000004c2c00000,0x00000004c3de46d8,0x00000004cd700000)
 Metaspace       used 8828K, capacity 8979K, committed 9216K, reserved 1056768K
  class space    used 894K, capacity 960K, committed 1024K, reserved 1048576K
Event: 1.807 GC heap after
Heap after GC invocations=3 (full 0):
 PSYoungGen      total 76288K, used 10720K [0x00000006c0f00000, 0x00000006ca400000, 0x00000007c0000000)
  eden space 65536K, 0% used [0x00000006c0f00000,0x00000006c0f00000,0x00000006c4f00000)
  from space 10752K, 99% used [0x00000006c4f00000,0x00000006c5978010,0x00000006c5980000)
  to   space 10752K, 0% used [0x00000006c9980000,0x00000006c9980000,0x00000006ca400000)
 ParOldGen       total 175104K, used 20073K [0x00000004c2c00000, 0x00000004cd700000, 0x00000006c0f00000)
  object space 175104K, 11% used [0x00000004c2c00000,0x00000004c3f9a6d8,0x00000004cd700000)
 Metaspace       used 8828K, capacity 8979K, committed 9216K, reserved 1056768K
  class space    used 894K, capacity 960K, committed 1024K, reserved 1048576K
}
Event: 1.913 GC heap before
{Heap before GC invocations=4 (full 0):
 PSYoungGen      total 76288K, used 76256K [0x00000006c0f00000, 0x00000006ca400000, 0x00000007c0000000)
  eden space 65536K, 100% used [0x00000006c0f00000,0x00000006c4f00000,0x00000006c4f00000)
  from space 10752K, 99% used [0x00000006c4f00000,0x00000006c5978010,0x00000006c5980000)
  to   space 10752K, 0% used [0x00000006c9980000,0x00000006c9980000,0x00000006ca400000)
 ParOldGen       total 175104K, used 20073K [0x00000004c2c00000, 0x00000004cd700000, 0x00000006c0f00000)
  object space 175104K, 11% used [0x00000004c2c00000,0x00000004c3f9a6d8,0x00000004cd700000)
 Metaspace       used 8829K, capacity 8979K, committed 9216K, reserved 1056768K
  class space    used 894K, capacity 960K, committed 1024K, reserved 1048576K
Event: 1.922 GC heap after
Heap after GC invocations=4 (full 0):
 PSYoungGen      total 141824K, used 10720K [0x00000006c0f00000, 0x00000006ca400000, 0x00000007c0000000)
  eden space 131072K, 0% used [0x00000006c0f00000,0x00000006c0f00000,0x00000006c8f00000)
  from space 10752K, 99% used [0x00000006c9980000,0x00000006ca3f8030,0x00000006ca400000)
  to   space 10752K, 0% used [0x00000006c8f00000,0x00000006c8f00000,0x00000006c9980000)
 ParOldGen       total 175104K, used 29361K [0x00000004c2c00000, 0x00000004cd700000, 0x00000006c0f00000)
  object space 175104K, 16% used [0x00000004c2c00000,0x00000004c48ac6f8,0x00000004cd700000)
 Metaspace       used 8829K, capacity 8979K, committed 9216K, reserved 1056768K
  class space    used 894K, capacity 960K, committed 1024K, reserved 1048576K
}
Event: 2.092 GC heap before
{Heap before GC invocations=5 (full 0):
 PSYoungGen      total 141824K, used 141792K [0x00000006c0f00000, 0x00000006ca400000, 0x00000007c0000000)
  eden space 131072K, 100% used [0x00000006c0f00000,0x00000006c8f00000,0x00000006c8f00000)
  from space 10752K, 99% used [0x00000006c9980000,0x00000006ca3f8030,0x00000006ca400000)
  to   space 10752K, 0% used [0x00000006c8f00000,0x00000006c8f00000,0x00000006c9980000)
 ParOldGen       total 175104K, used 29361K [0x00000004c2c00000, 0x00000004cd700000, 0x00000006c0f00000)
  object space 175104K, 16% used [0x00000004c2c00000,0x00000004c48ac6f8,0x00000004cd700000)
 Metaspace       used 8829K, capacity 8979K, committed 9216K, reserved 1056768K
  class space    used 894K, capacity 960K, committed 1024K, reserved 1048576K
Event: 2.096 GC heap after
Heap after GC invocations=5 (full 0):
 PSYoungGen      total 141824K, used 7744K [0x00000006c0f00000, 0x00000006d4100000, 0x00000007c0000000)
  eden space 131072K, 0% used [0x00000006c0f00000,0x00000006c0f00000,0x00000006c8f00000)
  from space 10752K, 72% used [0x00000006c8f00000,0x00000006c9690000,0x00000006c9980000)
  to   space 25600K, 0% used [0x00000006d2800000,0x00000006d2800000,0x00000006d4100000)
 ParOldGen       total 175104K, used 29361K [0x00000004c2c00000, 0x00000004cd700000, 0x00000006c0f00000)
  object space 175104K, 16% used [0x00000004c2c00000,0x00000004c48ac6f8,0x00000004cd700000)
 Metaspace       used 8829K, capacity 8979K, committed 9216K, reserved 1056768K
  class space    used 894K, capacity 960K, committed 1024K, reserved 1048576K
}

Deoptimization events (10 events):
Event: 1.438 Thread 0x0000000001c18000 Uncommon trap: reason=array_check action=maybe_recompile pc=0x0000000002a440e8 method=java.util.AbstractCollection.toArray([Ljava/lang/Object;)[Ljava/lang/Object; @ 119
Event: 1.438 Thread 0x0000000001c18000 Uncommon trap: reason=array_check action=maybe_recompile pc=0x0000000002a440e8 method=java.util.AbstractCollection.toArray([Ljava/lang/Object;)[Ljava/lang/Object; @ 119
Event: 1.438 Thread 0x0000000001c18000 Uncommon trap: reason=array_check action=maybe_recompile pc=0x0000000002a440e8 method=java.util.AbstractCollection.toArray([Ljava/lang/Object;)[Ljava/lang/Object; @ 119
Event: 1.438 Thread 0x0000000001c18000 Uncommon trap: reason=array_check action=maybe_recompile pc=0x0000000002a440e8 method=java.util.AbstractCollection.toArray([Ljava/lang/Object;)[Ljava/lang/Object; @ 119
Event: 1.487 Thread 0x0000000001c18000 Uncommon trap: reason=unstable_if action=reinterpret pc=0x0000000002a47c0c method=sun.misc.FloatingDecimal.readJavaFormatString(Ljava/lang/String;)Lsun/misc/FloatingDecimal$ASCIIToBinaryConverter; @ 445
Event: 1.719 Thread 0x0000000001c18000 Uncommon trap: reason=unstable_if action=reinterpret pc=0x0000000002affb64 method=engine.world.voxel.VoxelMesh.findEdgeCrossing([[[IIII)Lengine/world/voxel/VoxelEdge; @ 12
Event: 1.726 Thread 0x0000000001c18000 Uncommon trap: reason=unloaded action=reinterpret pc=0x0000000002aef3b0 method=engine.world.voxel.VoxelMesh.createVoxelMesh([[[III)Ltools/TerrainData; @ 777
Event: 1.790 Thread 0x0000000001c18000 Uncommon trap: reason=unloaded action=reinterpret pc=0x0000000002b28338 method=engine.world.voxel.VoxelMesh.createVoxelMesh([[[III)Ltools/TerrainData; @ 777
Event: 1.991 Thread 0x0000000001c18000 Uncommon trap: reason=unstable_if action=reinterpret pc=0x0000000002b320b8 method=engine.world.voxel.VoxelNode.addFace([[[Lengine/world/voxel/VoxelNode;IIIIIIIIIIIIIII)[[[Lengine/world/voxel/VoxelNode; @ 333
Event: 2.169 Thread 0x0000000001c18000 Uncommon trap: reason=unstable_if action=reinterpret pc=0x0000000002b6157c method=java.lang.String.trim()Ljava/lang/String; @ 44

Internal exceptions (10 events):
Event: 0.147 Thread 0x0000000001c18000 Exception <a 'java/security/PrivilegedActionException'> (0x00000006c12f3588) thrown at [C:\re\workspace\8-2-build-windows-amd64-cygwin\jdk8u101\7261\hotspot\src\share\vm\prims\jvm.cpp, line 1386]
Event: 0.147 Thread 0x0000000001c18000 Exception <a 'java/security/PrivilegedActionException'> (0x00000006c12f3798) thrown at [C:\re\workspace\8-2-build-windows-amd64-cygwin\jdk8u101\7261\hotspot\src\share\vm\prims\jvm.cpp, line 1386]
Event: 0.148 Thread 0x0000000001c18000 Exception <a 'java/security/PrivilegedActionException'> (0x00000006c12f7680) thrown at [C:\re\workspace\8-2-build-windows-amd64-cygwin\jdk8u101\7261\hotspot\src\share\vm\prims\jvm.cpp, line 1386]
Event: 0.148 Thread 0x0000000001c18000 Exception <a 'java/security/PrivilegedActionException'> (0x00000006c12f7890) thrown at [C:\re\workspace\8-2-build-windows-amd64-cygwin\jdk8u101\7261\hotspot\src\share\vm\prims\jvm.cpp, line 1386]
Event: 0.151 Thread 0x0000000001c18000 Exception <a 'java/io/FileNotFoundException'> (0x00000006c12ffdf8) thrown at [C:\re\workspace\8-2-build-windows-amd64-cygwin\jdk8u101\7261\hotspot\src\share\vm\prims\jni.cpp, line 709]
Event: 0.177 Thread 0x0000000001c18000 Exception <a 'java/lang/NoSuchFieldError': method resolution failed> (0x00000006c142be80) thrown at [C:\re\workspace\8-2-build-windows-amd64-cygwin\jdk8u101\7261\hotspot\src\share\vm\prims\methodHandles.cpp, line 1146]
Event: 0.179 Thread 0x0000000001c18000 Exception <a 'java/lang/NoSuchFieldError': method resolution failed> (0x00000006c1439cf8) thrown at [C:\re\workspace\8-2-build-windows-amd64-cygwin\jdk8u101\7261\hotspot\src\share\vm\prims\methodHandles.cpp, line 1146]
Event: 1.206 Thread 0x0000000001c18000 Implicit null exception at 0x000000000293b966 to 0x000000000293bb4d
Event: 1.224 Thread 0x0000000001c18000 Exception <a 'java/net/PortUnreachableException'> (0x00000006c1b0bf08) thrown at [C:\re\workspace\8-2-build-windows-amd64-cygwin\jdk8u101\7261\hotspot\src\share\vm\prims\jni.cpp, line 735]
Event: 1.227 Thread 0x0000000001c18000 Exception <a 'java/lang/ArrayIndexOutOfBoundsException': 1> (0x00000006c1b25730) thrown at [C:\re\workspace\8-2-build-windows-amd64-cygwin\jdk8u101\7261\hotspot\src\share\vm\interpreter\interpreterRuntime.cpp, line 366]

Events (10 events):
Event: 2.217 loading class entities/entityEditor/EditorState$6
Event: 2.217 loading class entities/entityEditor/EditorState$6 done
Event: 2.217 loading class entities/entityEditor/EditorState$7
Event: 2.217 loading class entities/entityEditor/EditorState$7 done
Event: 2.222 loading class tools/Input
Event: 2.222 loading class tools/Input done
Event: 2.223 loading class org/lwjgl/input/Cursor
Event: 2.223 loading class org/lwjgl/input/Cursor done
Event: 2.225 loading class org/lwjgl/opengl/GL13
Event: 2.225 loading class org/lwjgl/opengl/GL13 done


Dynamic libraries:
0x000000013f280000 - 0x000000013f2b7000 	C:\Program Files\Java\jdk1.8.0_101\bin\java.exe
0x00000000776d0000 - 0x000000007787a000 	C:\Windows\SYSTEM32\ntdll.dll
0x00000000774b0000 - 0x00000000775cf000 	C:\Windows\system32\kernel32.dll
0x000007fefd6d0000 - 0x000007fefd73a000 	C:\Windows\system32\KERNELBASE.dll
0x000007fefe4f0000 - 0x000007fefe5cb000 	C:\Windows\system32\ADVAPI32.dll
0x000007fefd8e0000 - 0x000007fefd97f000 	C:\Windows\system32\msvcrt.dll
0x000007fefe1b0000 - 0x000007fefe1cf000 	C:\Windows\SYSTEM32\sechost.dll
0x000007fefe3c0000 - 0x000007fefe4ed000 	C:\Windows\system32\RPCRT4.dll
0x00000000775d0000 - 0x00000000776ca000 	C:\Windows\system32\USER32.dll
0x000007fefe5d0000 - 0x000007fefe637000 	C:\Windows\system32\GDI32.dll
0x000007fefe0c0000 - 0x000007fefe0ce000 	C:\Windows\system32\LPK.dll
0x000007fefda20000 - 0x000007fefdaea000 	C:\Windows\system32\USP10.dll
0x000007fefbbb0000 - 0x000007fefbda4000 	C:\Windows\WinSxS\amd64_microsoft.windows.common-controls_6595b64144ccf1df_6.0.7601.18837_none_fa3b1e3d17594757\COMCTL32.dll
0x000007feff730000 - 0x000007feff7a1000 	C:\Windows\system32\SHLWAPI.dll
0x000007feff7b0000 - 0x000007feff7de000 	C:\Windows\system32\IMM32.DLL
0x000007fefdd80000 - 0x000007fefde89000 	C:\Windows\system32\MSCTF.dll
0x000007fefd330000 - 0x000007fefd355000 	C:\Windows\system32\SspiCli.dll
0x0000000077c90000 - 0x0000000077d62000 	C:\Program Files\Java\jdk1.8.0_101\jre\bin\msvcr100.dll
0x000000006fcd0000 - 0x000000007056a000 	C:\Program Files\Java\jdk1.8.0_101\jre\bin\server\jvm.dll
0x000007fef9920000 - 0x000007fef9929000 	C:\Windows\system32\WSOCK32.dll
0x000007feff6e0000 - 0x000007feff72d000 	C:\Windows\system32\WS2_32.dll
0x000007fefdd70000 - 0x000007fefdd78000 	C:\Windows\system32\NSI.dll
0x000007fefb0e0000 - 0x000007fefb11b000 	C:\Windows\system32\WINMM.dll
0x000007fefc600000 - 0x000007fefc60c000 	C:\Windows\system32\VERSION.dll
0x00000000778a0000 - 0x00000000778a7000 	C:\Windows\system32\PSAPI.DLL
0x0000000066890000 - 0x000000006689f000 	C:\Program Files\Java\jdk1.8.0_101\jre\bin\verify.dll
0x0000000066860000 - 0x0000000066889000 	C:\Program Files\Java\jdk1.8.0_101\jre\bin\java.dll
0x000000006d000000 - 0x000000006d023000 	C:\Program Files\Java\jdk1.8.0_101\jre\bin\instrument.dll
0x0000000064fd0000 - 0x0000000064fe6000 	C:\Program Files\Java\jdk1.8.0_101\jre\bin\zip.dll
0x000007fefe950000 - 0x000007feff6da000 	C:\Windows\system32\SHELL32.dll
0x000007feff7e0000 - 0x000007feff9dc000 	C:\Windows\system32\ole32.dll
0x000007fefd530000 - 0x000007fefd53f000 	C:\Windows\system32\profapi.dll
0x000007feef080000 - 0x000007feef09a000 	C:\Program Files (x86)\JetBrains\IntelliJ IDEA 2017.1\bin\breakgen64.dll
0x00000000538c0000 - 0x00000000538da000 	C:\Program Files\Java\jdk1.8.0_101\jre\bin\net.dll
0x000007fefccf0000 - 0x000007fefcd45000 	C:\Windows\system32\mswsock.dll
0x000007fefcce0000 - 0x000007fefcce7000 	C:\Windows\System32\wship6.dll
0x000000006d030000 - 0x000000006d1c8000 	C:\Program Files\Java\jdk1.8.0_101\jre\bin\awt.dll
0x000007fefe0d0000 - 0x000007fefe1aa000 	C:\Windows\system32\OLEAUT32.dll
0x000007fefbb00000 - 0x000007fefbb56000 	C:\Windows\system32\uxtheme.dll
0x000007fefb720000 - 0x000007fefb738000 	C:\Windows\system32\dwmapi.dll
0x000007fefd3c0000 - 0x000007fefd3cf000 	C:\Windows\system32\CRYPTBASE.dll
0x0000000180000000 - 0x0000000180051000 	C:\Sandbox\Sandbox\libs\lwjgl64.dll
0x000007feed1e0000 - 0x000007feed2fd000 	C:\Windows\system32\OPENGL32.dll
0x000007fef2000000 - 0x000007fef202d000 	C:\Windows\system32\GLU32.dll
0x000007feed0e0000 - 0x000007feed1d1000 	C:\Windows\system32\DDRAW.dll
0x000007fef4480000 - 0x000007fef4488000 	C:\Windows\system32\DCIMAN32.dll
0x000007fefdaf0000 - 0x000007fefdcc7000 	C:\Windows\system32\SETUPAPI.dll
0x000007fefd740000 - 0x000007fefd776000 	C:\Windows\system32\CFGMGR32.dll
0x000007fefd780000 - 0x000007fefd79a000 	C:\Windows\system32\DEVOBJ.dll
0x0000000068a70000 - 0x000000006ac57000 	C:\Windows\system32\nvoglv64.DLL
0x000007fefb540000 - 0x000007fefb551000 	C:\Windows\system32\WTSAPI32.dll
0x000007fef90f0000 - 0x000007fef90f3000 	C:\Windows\system32\api-ms-win-core-synch-l1-2-0.DLL
0x000007fefd7a0000 - 0x000007fefd7db000 	C:\Windows\system32\WINTRUST.dll
0x000007fefd540000 - 0x000007fefd6ad000 	C:\Windows\system32\CRYPT32.dll
0x000007fefd520000 - 0x000007fefd52f000 	C:\Windows\system32\MSASN1.dll
0x000007fefb120000 - 0x000007fefb14d000 	C:\Windows\system32\ntmarta.dll
0x000007fefe340000 - 0x000007fefe392000 	C:\Windows\system32\WLDAP32.dll
0x000007feeb3f0000 - 0x000007feeb5c1000 	C:\Windows\system32\nvspcap64.dll
0x000007fef86b0000 - 0x000007fef8721000 	C:\Windows\system32\WINHTTP.dll
0x000007fef8640000 - 0x000007fef86a5000 	C:\Windows\system32\webio.dll
0x000007fef69a0000 - 0x000007fef6db1000 	C:\Windows\system32\nvapi64.dll
0x000007fefd980000 - 0x000007fefda19000 	C:\Windows\system32\CLBCatQ.DLL
0x000007fefcd50000 - 0x000007fefcd68000 	C:\Windows\system32\CRYPTSP.dll
0x000007fefca50000 - 0x000007fefca97000 	C:\Windows\system32\rsaenh.dll
0x000007fefd470000 - 0x000007fefd484000 	C:\Windows\system32\RpcRtRemote.dll
0x000007fefd3d0000 - 0x000007fefd461000 	C:\Windows\system32\SXS.DLL
0x000007fef61a0000 - 0x000007fef623c000 	C:\Windows\system32\mscms.dll
0x000007fefd7e0000 - 0x000007fefd7fe000 	C:\Windows\system32\USERENV.dll
0x000007fedf6c0000 - 0x000007fedf702000 	C:\Windows\system32\icm32.dll
0x000007fefc890000 - 0x000007fefc8cd000 	C:\Windows\system32\WINSTA.dll
0x0000000014680000 - 0x0000000014691000 	C:\Program Files\Java\jdk1.8.0_101\jre\bin\nio.dll
0x000007fefaf00000 - 0x000007fefaf15000 	C:\Windows\system32\NLAapi.dll
0x000007fef79d0000 - 0x000007fef79e5000 	C:\Windows\system32\napinsp.dll
0x000007fef79b0000 - 0x000007fef79c9000 	C:\Windows\system32\pnrpnsp.dll
0x000007fefcb70000 - 0x000007fefcbcb000 	C:\Windows\system32\DNSAPI.dll
0x000007fef79a0000 - 0x000007fef79ab000 	C:\Windows\System32\winrnr.dll
0x000000006f550000 - 0x000000006f576000 	C:\Program Files\Bonjour\mdnsNSP.dll
0x000007fefa900000 - 0x000007fefa927000 	C:\Windows\system32\Iphlpapi.DLL
0x000007fefa8f0000 - 0x000007fefa8fb000 	C:\Windows\system32\WINNSI.DLL
0x000007fefc6d0000 - 0x000007fefc6d7000 	C:\Windows\System32\wshtcpip.dll
0x000007fef8270000 - 0x000007fef8278000 	C:\Windows\system32\rasadhlp.dll
0x000007fefa460000 - 0x000007fefa4b3000 	C:\Windows\System32\fwpuclnt.dll
0x000007fef89f0000 - 0x000007fef8b15000 	C:\Windows\system32\dbghelp.dll

VM Arguments:
jvm_args: -Djava.library.path=libs/ -javaagent:C:\Program Files (x86)\JetBrains\IntelliJ IDEA 2017.1\lib\idea_rt.jar=53126:C:\Program Files (x86)\JetBrains\IntelliJ IDEA 2017.1\bin -Dfile.encoding=UTF-8 -Xmx12244M 
java_command: engine.game.Startup
java_class_path (initial): C:\Program Files\Java\jdk1.8.0_101\jre\lib\charsets.jar;C:\Program Files\Java\jdk1.8.0_101\jre\lib\deploy.jar;C:\Program Files\Java\jdk1.8.0_101\jre\lib\ext\access-bridge-64.jar;C:\Program Files\Java\jdk1.8.0_101\jre\lib\ext\cldrdata.jar;C:\Program Files\Java\jdk1.8.0_101\jre\lib\ext\dnsns.jar;C:\Program Files\Java\jdk1.8.0_101\jre\lib\ext\jaccess.jar;C:\Program Files\Java\jdk1.8.0_101\jre\lib\ext\jfxrt.jar;C:\Program Files\Java\jdk1.8.0_101\jre\lib\ext\localedata.jar;C:\Program Files\Java\jdk1.8.0_101\jre\lib\ext\nashorn.jar;C:\Program Files\Java\jdk1.8.0_101\jre\lib\ext\sunec.jar;C:\Program Files\Java\jdk1.8.0_101\jre\lib\ext\sunjce_provider.jar;C:\Program Files\Java\jdk1.8.0_101\jre\lib\ext\sunmscapi.jar;C:\Program Files\Java\jdk1.8.0_101\jre\lib\ext\sunpkcs11.jar;C:\Program Files\Java\jdk1.8.0_101\jre\lib\ext\zipfs.jar;C:\Program Files\Java\jdk1.8.0_101\jre\lib\javaws.jar;C:\Program Files\Java\jdk1.8.0_101\jre\lib\jce.jar;C:\Program Files\Java\jdk1.8.0_101\jre\lib\jfr.jar;C:\Program Files\Java\jdk1.8.0_101\jre\lib\jfxswt.jar;C:\Program Files\Java\jdk1.8.0_101\jre\lib\jsse.jar;C:\Program Files\Java\jdk1.8.0_101\jre\lib\management-agent.jar;C:\Program Files\Java\jdk1.8.0_101\jre\lib\plugin.jar;C:\Program Files\Java\jdk1.8.0_101\jre\lib\resources.jar;C:\Program Files\Java\jdk1.8.0_101\jre\lib\rt.jar;C:\Sandbox\Sandbox\out\production\Sandbox;C:\Sandbox\Sandbox\lib\jars\slick-util.jar;C:\Sandbox\Sandbox\lib\jars\lwjgl_util.jar;C:\Sandbox\Sandbox\lib\jars\lwjgl.jar;C:\Program Files (x86)\JetBrains\IntelliJ IDEA 2017.1\lib\idea_rt.jar
Launcher Type: SUN_STANDARD

Environment Variables:
_JAVA_OPTIONS=-Xmx12244M
PATH=C:\ProgramData\Oracle\Java\javapath;C:\Program Files (x86)\Intel\iCLS Client\;C:\Program Files\Intel\iCLS Client\;C:\Windows\system32;C:\Windows;C:\Windows\System32\Wbem;C:\Windows\System32\WindowsPowerShell\v1.0\;C:\Program Files\Intel\Intel(R) Management Engine Components\DAL;C:\Program Files\Intel\Intel(R) Management Engine Components\IPT;C:\Program Files (x86)\Intel\Intel(R) Management Engine Components\DAL;C:\Program Files (x86)\Intel\Intel(R) Management Engine Components\IPT;D:\Program Files\Minecraft\WorldPainter;C:\Program Files (x86)\NVIDIA Corporation\PhysX\Common;C:\Program Files (x86)\Skype\Phone\;C:\Program Files (x86)\Gource\cmd
USERNAME=Owner
OS=Windows_NT
PROCESSOR_IDENTIFIER=Intel64 Family 6 Model 60 Stepping 3, GenuineIntel



---------------  S Y S T E M  ---------------

OS: Windows 7 , 64 bit Build 7601 (6.1.7601.23796)

CPU:total 8 (4 cores per cpu, 2 threads per core) family 6 model 60 stepping 3, cmov, cx8, fxsr, mmx, sse, sse2, sse3, ssse3, sse4.1, sse4.2, popcnt, avx, avx2, aes, clmul, erms, rtm, lzcnt, ht, tsc, tscinvbit, bmi1, bmi2

Memory: 4k page, physical 16713264k(9262532k free), swap 33424668k(23356992k free)

vm_info: Java HotSpot(TM) 64-Bit Server VM (25.101-b13) for windows-amd64 JRE (1.8.0_101-b13), built on Jun 22 2016 01:21:29 by "java_re" with MS VC++ 10.0 (VS2010)

time: Sat May 27 19:39:43 2017
elapsed time: 2 seconds (0d 0h 0m 2s)

