#
# A fatal error has been detected by the Java Runtime Environment:
#
#  EXCEPTION_ACCESS_VIOLATION (0xc0000005) at pc=0x0000000000000000, pid=8876, tid=0x00000000000023c8
#
# JRE version: Java(TM) SE Runtime Environment (8.0_101-b13) (build 1.8.0_101-b13)
# Java VM: Java HotSpot(TM) 64-Bit Server VM (25.101-b13 mixed mode windows-amd64 compressed oops)
# Problematic frame:
# C  0x0000000000000000
#
# Failed to write core dump. Minidumps are not enabled by default on client versions of Windows
#
# If you would like to submit a bug report, please visit:
#   http://bugreport.java.com/bugreport/crash.jsp
# The crash happened outside the Java Virtual Machine in native code.
# See problematic frame for where to report the bug.
#

---------------  T H R E A D  ---------------

Current thread (0x0000000001cd8800):  JavaThread "main" [_thread_in_native, id=9160, stack(0x0000000002490000,0x0000000002590000)]

siginfo: ExceptionCode=0xc0000005, ExceptionInformation=0x0000000000000008 0x0000000000000000

Registers:
RAX=0x0000000180004df0, RBX=0x000000002ed4c1f8, RCX=0x0000000000000001, RDX=0x000000000258e718
RSP=0x000000000258e6c8, RBP=0x000000000258e770, RSI=0x0000000000200021, RDI=0x000000000000004d
R8 =0x0000000000000001, R9 =0x0000000001cd6f00, R10=0x0000000002877f28, R11=0x000000007043b4a0
R12=0x0000000000000000, R13=0x000000002ed4c1f8, R14=0x000000000258e790, R15=0x0000000001cd8800
RIP=0x0000000000000000, EFLAGS=0x0000000000010202

Top of Stack: (sp=0x000000000258e6c8)
0x000000000258e6c8:   0000000180004e02 000000000258eb00
0x000000000258e6d8:   0000000001cd8800 000000002ed4c1f8
0x000000000258e6e8:   0000000000200021 000000000000004d
0x000000000258e6f8:   0000000002877f54 0000000001cd8800
0x000000000258e708:   000000002ed4c1f8 0000000000200021
0x000000000258e718:   0000000001cd8800 000000000258e7e8
0x000000000258e728:   0000000002877c82 000000000258e730
0x000000000258e738:   000000002ed4c1f8 000000000258e790
0x000000000258e748:   000000002ed4ef30 0000000000000000
0x000000000258e758:   000000002ed4c1f8 0000000000000000
0x000000000258e768:   000000000258e790 000000000258e7d8
0x000000000258e778:   0000000002867da0 00000006c188c460
0x000000000258e788:   00000000028719d6 0000000000000001
0x000000000258e798:   000000000258e798 000000002ed4c151
0x000000000258e7a8:   000000000258e7e8 000000002ed4ef30
0x000000000258e7b8:   0000000000000000 000000002ed4c170 

Instructions: (pc=0x0000000000000000)
0xffffffffffffffe0:   


Register to memory mapping:

RAX=0x0000000180004df0 is an unknown value
RBX={method} {0x000000002ed4c200} 'nalGenSources2' '(I)I' in 'org/lwjgl/openal/AL10'
RCX=0x0000000000000001 is an unknown value
RDX=0x000000000258e718 is pointing into the stack for thread: 0x0000000001cd8800
RSP=0x000000000258e6c8 is pointing into the stack for thread: 0x0000000001cd8800
RBP=0x000000000258e770 is pointing into the stack for thread: 0x0000000001cd8800
RSI=0x0000000000200021 is an unknown value
RDI=0x000000000000004d is an unknown value
R8 =0x0000000000000001 is an unknown value
R9 =0x0000000001cd6f00 is an unknown value
R10=0x0000000002877f28 is at code_begin+840 in an Interpreter codelet
method entry point (kind = native)  [0x0000000002877be0, 0x0000000002878540]  2400 bytes
R11=0x000000007043b4a0 is an unknown value
R12=0x0000000000000000 is an unknown value
R13={method} {0x000000002ed4c200} 'nalGenSources2' '(I)I' in 'org/lwjgl/openal/AL10'
R14=0x000000000258e790 is pointing into the stack for thread: 0x0000000001cd8800
R15=0x0000000001cd8800 is a thread


Stack: [0x0000000002490000,0x0000000002590000],  sp=0x000000000258e6c8,  free space=1017k
Native frames: (J=compiled Java code, j=interpreted, Vv=VM code, C=native code)

Java frames: (J=compiled Java code, j=interpreted, Vv=VM code)
j  org.lwjgl.openal.AL10.nalGenSources2(I)I+0
j  org.lwjgl.openal.AL10.alGenSources()I+1
j  engine.audio.Source.<init>()V+30
j  engine.physics.movement.PhysicsComponent.<init>()V+35
j  engine.component.input.PlayerPhysicsComponent.<init>()V+1
j  entities.Player.<init>()V+104
j  engine.game.Game.<clinit>()V+73
v  ~StubRoutines::call_stub
j  engine.display.DisplayManager.startUp()V+40
j  engine.game.Startup.startDisplay()V+0
j  engine.game.Startup.main([Ljava/lang/String;)V+3
v  ~StubRoutines::call_stub

---------------  P R O C E S S  ---------------

Java Threads: ( => current thread )
  0x0000000032552000 JavaThread "AWT-Windows" daemon [_thread_in_native, id=3656, stack(0x00000000331f0000,0x00000000332f0000)]
  0x0000000032551800 JavaThread "AWT-Shutdown" [_thread_blocked, id=8784, stack(0x0000000032f70000,0x0000000033070000)]
  0x0000000032550800 JavaThread "Java2D Disposer" daemon [_thread_blocked, id=3412, stack(0x0000000032d40000,0x0000000032e40000)]
  0x000000003036f000 JavaThread "Service Thread" daemon [_thread_blocked, id=9060, stack(0x0000000032350000,0x0000000032450000)]
  0x0000000030366800 JavaThread "C1 CompilerThread3" daemon [_thread_blocked, id=4064, stack(0x0000000031ed0000,0x0000000031fd0000)]
  0x000000003034a800 JavaThread "C2 CompilerThread2" daemon [_thread_blocked, id=6028, stack(0x0000000032080000,0x0000000032180000)]
  0x00000000302f9800 JavaThread "C2 CompilerThread1" daemon [_thread_blocked, id=5168, stack(0x0000000031da0000,0x0000000031ea0000)]
  0x00000000302f7800 JavaThread "C2 CompilerThread0" daemon [_thread_blocked, id=6900, stack(0x00000000318e0000,0x00000000319e0000)]
  0x00000000302f6000 JavaThread "Monitor Ctrl-Break" daemon [_thread_in_native, id=1564, stack(0x0000000031bd0000,0x0000000031cd0000)]
  0x0000000030282000 JavaThread "Attach Listener" daemon [_thread_blocked, id=6536, stack(0x0000000031a50000,0x0000000031b50000)]
  0x0000000030281000 JavaThread "Signal Dispatcher" daemon [_thread_blocked, id=8852, stack(0x00000000317b0000,0x00000000318b0000)]
  0x000000002f1d1000 JavaThread "Finalizer" daemon [_thread_blocked, id=7492, stack(0x00000000315d0000,0x00000000316d0000)]
  0x000000002f1ca800 JavaThread "Reference Handler" daemon [_thread_blocked, id=7640, stack(0x00000000314a0000,0x00000000315a0000)]
=>0x0000000001cd8800 JavaThread "main" [_thread_in_native, id=9160, stack(0x0000000002490000,0x0000000002590000)]

Other Threads:
  0x0000000030232800 VMThread [stack: 0x00000000312c0000,0x00000000313c0000] [id=8740]
  0x0000000030373800 WatcherThread [stack: 0x0000000032190000,0x0000000032290000] [id=8256]

VM state:not at safepoint (normal execution)

VM Mutex/Monitor currently owned by a thread: None

Heap:
 PSYoungGen      total 76288K, used 10596K [0x00000006c0f00000, 0x00000006c6400000, 0x00000007c0000000)
  eden space 65536K, 16% used [0x00000006c0f00000,0x00000006c19592a8,0x00000006c4f00000)
  from space 10752K, 0% used [0x00000006c5980000,0x00000006c5980000,0x00000006c6400000)
  to   space 10752K, 0% used [0x00000006c4f00000,0x00000006c4f00000,0x00000006c5980000)
 ParOldGen       total 175104K, used 0K [0x00000004c2c00000, 0x00000004cd700000, 0x00000006c0f00000)
  object space 175104K, 0% used [0x00000004c2c00000,0x00000004c2c00000,0x00000004cd700000)
 Metaspace       used 6183K, capacity 6388K, committed 6400K, reserved 1056768K
  class space    used 691K, capacity 765K, committed 768K, reserved 1048576K

Card table byte_map: [0x0000000011c20000,0x0000000013410000] byte_map_base: 0x000000000f60a000

Marking Bits: (ParMarkBitMap*) 0x0000000070a2a6d0
 Begin Bits: [0x0000000015150000, 0x00000000210a0000)
 End Bits:   [0x00000000210a0000, 0x000000002cff0000)

Polling page: 0x0000000000150000

CodeCache: size=245760Kb used=1709Kb max_used=1721Kb free=244050Kb
 bounds [0x0000000002860000, 0x0000000002ad0000, 0x0000000011860000]
 total_blobs=668 nmethods=299 adapters=282
 compilation: enabled

Compilation events (10 events):
Event: 0.922 Thread 0x0000000030366800 nmethod 293 0x0000000002a07c90 code [0x0000000002a07e00, 0x0000000002a08070]
Event: 0.923 Thread 0x0000000030366800  294       3       java.nio.DirectLongBufferU::get (16 bytes)
Event: 0.923 Thread 0x0000000030366800 nmethod 294 0x0000000002a0ba50 code [0x0000000002a0bbc0, 0x0000000002a0be30]
Event: 0.926 Thread 0x0000000030366800  296       1       java.net.URLClassLoader::access$000 (5 bytes)
Event: 0.926 Thread 0x00000000302f9800  297       4       java.lang.String::indexOf (166 bytes)
Event: 0.926 Thread 0x0000000030366800 nmethod 296 0x0000000002a0b350 code [0x0000000002a0b4a0, 0x0000000002a0b590]
Event: 0.926 Thread 0x0000000030366800  298       1       java.security.CodeSource::getLocation (5 bytes)
Event: 0.926 Thread 0x0000000030366800 nmethod 298 0x0000000002a0b090 code [0x0000000002a0b1e0, 0x0000000002a0b2f0]
Event: 0.926 Thread 0x0000000030366800  299       1       java.net.URL::getUserInfo (5 bytes)
Event: 0.926 Thread 0x0000000030366800 nmethod 299 0x0000000002a0a9d0 code [0x0000000002a0ab20, 0x0000000002a0ac30]

GC Heap History (0 events):
No events

Deoptimization events (0 events):
No events

Internal exceptions (10 events):
Event: 0.050 Thread 0x0000000001cd8800 Exception <a 'java/lang/NoSuchMethodError': Method sun.misc.Unsafe.defineClass(Ljava/lang/String;[BII)Ljava/lang/Class; name or signature does not match> (0x00000006c0f07cc0) thrown at [C:\re\workspace\8-2-build-windows-amd64-cygwin\jdk8u101\7261\hotspot\s%√ùRŒw©?
Event: 0.050 Thread 0x0000000001cd8800 Exception <a 'java/lang/NoSuchMethodError': Method sun.misc.Unsafe.prefetchRead(Ljava/lang/Object;J)V name or signature does not match> (0x00000006c0f07fa8) thrown at [C:\re\workspace\8-2-build-windows-amd64-cygwin\jdk8u101\7261\hotspot\src\share\vm\prims\iª¨æN¬?
Event: 0.143 Thread 0x0000000001cd8800 Exception <a 'java/security/PrivilegedActionException'> (0x00000006c131ada0) thrown at [C:\re\workspace\8-2-build-windows-amd64-cygwin\jdk8u101\7261\hotspot\src\share\vm\prims\jvm.cpp, line 1386]
Event: 0.143 Thread 0x0000000001cd8800 Exception <a 'java/security/PrivilegedActionException'> (0x00000006c131afb0) thrown at [C:\re\workspace\8-2-build-windows-amd64-cygwin\jdk8u101\7261\hotspot\src\share\vm\prims\jvm.cpp, line 1386]
Event: 0.144 Thread 0x0000000001cd8800 Exception <a 'java/security/PrivilegedActionException'> (0x00000006c131ee98) thrown at [C:\re\workspace\8-2-build-windows-amd64-cygwin\jdk8u101\7261\hotspot\src\share\vm\prims\jvm.cpp, line 1386]
Event: 0.144 Thread 0x0000000001cd8800 Exception <a 'java/security/PrivilegedActionException'> (0x00000006c131f0a8) thrown at [C:\re\workspace\8-2-build-windows-amd64-cygwin\jdk8u101\7261\hotspot\src\share\vm\prims\jvm.cpp, line 1386]
Event: 0.146 Thread 0x0000000001cd8800 Exception <a 'java/io/FileNotFoundException'> (0x00000006c1327610) thrown at [C:\re\workspace\8-2-build-windows-amd64-cygwin\jdk8u101\7261\hotspot\src\share\vm\prims\jni.cpp, line 709]
Event: 0.172 Thread 0x0000000001cd8800 Exception <a 'java/lang/NoSuchFieldError': method resolution failed> (0x00000006c14536c0) thrown at [C:\re\workspace\8-2-build-windows-amd64-cygwin\jdk8u101\7261\hotspot\src\share\vm\prims\methodHandles.cpp, line 1146]
Event: 0.173 Thread 0x0000000001cd8800 Exception <a 'java/lang/NoSuchFieldError': method resolution failed> (0x00000006c1461538) thrown at [C:\re\workspace\8-2-build-windows-amd64-cygwin\jdk8u101\7261\hotspot\src\share\vm\prims\methodHandles.cpp, line 1146]
Event: 0.243 Thread 0x0000000001cd8800 Exception <a 'java/io/FileNotFoundException'> (0x00000006c16c1428) thrown at [C:\re\workspace\8-2-build-windows-amd64-cygwin\jdk8u101\7261\hotspot\src\share\vm\prims\jni.cpp, line 709]

Events (10 events):
Event: 0.924 loading class engine/entity/Entity
Event: 0.924 loading class engine/entity/Entity done
Event: 0.924 loading class engine/component/ComponentManager
Event: 0.924 loading class engine/component/ComponentManager done
Event: 0.925 loading class engine/physics/collision/AABB
Event: 0.925 loading class engine/physics/collision/AABB done
Event: 0.926 loading class engine/audio/Source
Event: 0.926 loading class engine/audio/Source done
Event: 0.926 loading class org/lwjgl/openal/AL10
Event: 0.926 loading class org/lwjgl/openal/AL10 done


Dynamic libraries:
0x000000013f970000 - 0x000000013f9a7000 	C:\Program Files\Java\jdk1.8.0_101\bin\java.exe
0x0000000076ec0000 - 0x000000007706a000 	C:\Windows\SYSTEM32\ntdll.dll
0x0000000076da0000 - 0x0000000076ebf000 	C:\Windows\system32\kernel32.dll
0x000007fefcd50000 - 0x000007fefcdba000 	C:\Windows\system32\KERNELBASE.dll
0x000007fefef90000 - 0x000007feff06b000 	C:\Windows\system32\ADVAPI32.dll
0x000007fefe4f0000 - 0x000007fefe58f000 	C:\Windows\system32\msvcrt.dll
0x000007fefed70000 - 0x000007fefed8f000 	C:\Windows\SYSTEM32\sechost.dll
0x000007fefd400000 - 0x000007fefd52d000 	C:\Windows\system32\RPCRT4.dll
0x0000000076ca0000 - 0x0000000076d9a000 	C:\Windows\system32\USER32.dll
0x000007fefeaa0000 - 0x000007fefeb07000 	C:\Windows\system32\GDI32.dll
0x000007fefeb10000 - 0x000007fefeb1e000 	C:\Windows\system32\LPK.dll
0x000007fefe590000 - 0x000007fefe65b000 	C:\Windows\system32\USP10.dll
0x000007fefb3a0000 - 0x000007fefb594000 	C:\Windows\WinSxS\amd64_microsoft.windows.common-controls_6595b64144ccf1df_6.0.7601.18837_none_fa3b1e3d17594757\COMCTL32.dll
0x000007fefe810000 - 0x000007fefe881000 	C:\Windows\system32\SHLWAPI.dll
0x000007fefe7e0000 - 0x000007fefe80e000 	C:\Windows\system32\IMM32.DLL
0x000007feff070000 - 0x000007feff179000 	C:\Windows\system32\MSCTF.dll
0x000007fefcb20000 - 0x000007fefcb45000 	C:\Windows\system32\SspiCli.dll
0x0000000079280000 - 0x0000000079352000 	C:\Program Files\Java\jdk1.8.0_101\jre\bin\msvcr100.dll
0x0000000070210000 - 0x0000000070aaa000 	C:\Program Files\Java\jdk1.8.0_101\jre\bin\server\jvm.dll
0x000007fef9110000 - 0x000007fef9119000 	C:\Windows\system32\WSOCK32.dll
0x000007feff180000 - 0x000007feff1cd000 	C:\Windows\system32\WS2_32.dll
0x000007fefed00000 - 0x000007fefed08000 	C:\Windows\system32\NSI.dll
0x000007fefa8d0000 - 0x000007fefa90b000 	C:\Windows\system32\WINMM.dll
0x000007fefbdf0000 - 0x000007fefbdfc000 	C:\Windows\system32\VERSION.dll
0x0000000077080000 - 0x0000000077087000 	C:\Windows\system32\PSAPI.DLL
0x00000000653b0000 - 0x00000000653bf000 	C:\Program Files\Java\jdk1.8.0_101\jre\bin\verify.dll
0x0000000065380000 - 0x00000000653a9000 	C:\Program Files\Java\jdk1.8.0_101\jre\bin\java.dll
0x0000000064870000 - 0x0000000064893000 	C:\Program Files\Java\jdk1.8.0_101\jre\bin\instrument.dll
0x0000000065360000 - 0x0000000065376000 	C:\Program Files\Java\jdk1.8.0_101\jre\bin\zip.dll
0x000007fefd530000 - 0x000007fefe2bb000 	C:\Windows\system32\SHELL32.dll
0x000007fefed90000 - 0x000007fefef8c000 	C:\Windows\system32\ole32.dll
0x000007fefcd20000 - 0x000007fefcd2f000 	C:\Windows\system32\profapi.dll
0x000007fef0690000 - 0x000007fef06aa000 	C:\Program Files (x86)\JetBrains\IntelliJ IDEA 2017.1\bin\breakgen64.dll
0x0000000065340000 - 0x000000006535a000 	C:\Program Files\Java\jdk1.8.0_101\jre\bin\net.dll
0x000007fefc4e0000 - 0x000007fefc535000 	C:\Windows\system32\mswsock.dll
0x000007fefc4d0000 - 0x000007fefc4d7000 	C:\Windows\System32\wship6.dll
0x000000006cde0000 - 0x000000006cf78000 	C:\Program Files\Java\jdk1.8.0_101\jre\bin\awt.dll
0x000007fefe700000 - 0x000007fefe7da000 	C:\Windows\system32\OLEAUT32.dll
0x000007fefb2f0000 - 0x000007fefb346000 	C:\Windows\system32\uxtheme.dll
0x000007fefaf10000 - 0x000007fefaf28000 	C:\Windows\system32\dwmapi.dll
0x000007fefcbb0000 - 0x000007fefcbbf000 	C:\Windows\system32\CRYPTBASE.dll
0x0000000180000000 - 0x0000000180051000 	C:\Sandbox\Sandbox\libs\lwjgl64.dll
0x000007feeb6b0000 - 0x000007feeb7cd000 	C:\Windows\system32\OPENGL32.dll
0x000007fef2eb0000 - 0x000007fef2edd000 	C:\Windows\system32\GLU32.dll
0x000007feeb5b0000 - 0x000007feeb6a1000 	C:\Windows\system32\DDRAW.dll
0x000007fef4b30000 - 0x000007fef4b38000 	C:\Windows\system32\DCIMAN32.dll
0x000007fefeb20000 - 0x000007fefecf7000 	C:\Windows\system32\SETUPAPI.dll
0x000007fefd090000 - 0x000007fefd0c6000 	C:\Windows\system32\CFGMGR32.dll
0x000007fefcd30000 - 0x000007fefcd4a000 	C:\Windows\system32\DEVOBJ.dll
0x00000000653c0000 - 0x00000000653c7000 	C:\Program Files\Java\jdk1.8.0_101\jre\bin\jawt.dll
0x000007fee6ea0000 - 0x000007fee709f000 	C:\Windows\system32\d3d9.dll
0x000007fefacf0000 - 0x000007fefacf7000 	C:\Windows\system32\d3d8thk.dll
0x000007fed6390000 - 0x000007fed7335000 	C:\Windows\system32\nvd3dumx.dll
0x000007fef56f0000 - 0x000007fef58c5000 	C:\Windows\system32\nvspcap64.dll
0x000007fef7ea0000 - 0x000007fef7f11000 	C:\Windows\system32\WINHTTP.dll
0x000007fef7e30000 - 0x000007fef7e95000 	C:\Windows\system32\webio.dll
0x000007fefad30000 - 0x000007fefad41000 	C:\Windows\system32\WTSAPI32.dll
0x000007fef58d0000 - 0x000007fef5ce5000 	C:\Windows\system32\nvapi64.dll
0x000007fefbb70000 - 0x000007fefbb9c000 	C:\Windows\system32\powrprof.dll
0x000007fefa1d0000 - 0x000007fefa2b9000 	C:\Program Files (x86)\NVIDIA Corporation\3D Vision\nvSCPAPI64.dll
0x000007fef81e0000 - 0x000007fef8305000 	C:\Windows\system32\dbghelp.dll

VM Arguments:
jvm_args: -Dvisualvm.id=4428475343490 -Djava.library.path=libs/ -javaagent:C:\Program Files (x86)\JetBrains\IntelliJ IDEA 2017.1\lib\idea_rt.jar=50712:C:\Program Files (x86)\JetBrains\IntelliJ IDEA 2017.1\bin -Dfile.encoding=UTF-8 -Xmx12244M 
java_command: engine.game.Startup
java_class_path (initial): C:\Program Files\Java\jdk1.8.0_101\jre\lib\charsets.jar;C:\Program Files\Java\jdk1.8.0_101\jre\lib\deploy.jar;C:\Program Files\Java\jdk1.8.0_101\jre\lib\ext\access-bridge-64.jar;C:\Program Files\Java\jdk1.8.0_101\jre\lib\ext\cldrdata.jar;C:\Program Files\Java\jdk1.8.0_101\jre\lib\ext\dnsns.jar;C:\Program Files\Java\jdk1.8.0_101\jre\lib\ext\jaccess.jar;C:\Program Files\Java\jdk1.8.0_101\jre\lib\ext\jfxrt.jar;C:\Program Files\Java\jdk1.8.0_101\jre\lib\ext\localedata.jar;C:\Program Files\Java\jdk1.8.0_101\jre\lib\ext\nashorn.jar;C:\Program Files\Java\jdk1.8.0_101\jre\lib\ext\sunec.jar;C:\Program Files\Java\jdk1.8.0_101\jre\lib\ext\sunjce_provider.jar;C:\Program Files\Java\jdk1.8.0_101\jre\lib\ext\sunmscapi.jar;C:\Program Files\Java\jdk1.8.0_101\jre\lib\ext\sunpkcs11.jar;C:\Program Files\Java\jdk1.8.0_101\jre\lib\ext\zipfs.jar;C:\Program Files\Java\jdk1.8.0_101\jre\lib\javaws.jar;C:\Program Files\Java\jdk1.8.0_101\jre\lib\jce.jar;C:\Program Files\Java\jdk1.8.0_101\jre\lib\jfr.jar;C:\Program Files\Java\jdk1.8.0_101\jre\lib\jfxswt.jar;C:\Program Files\Java\jdk1.8.0_101\jre\lib\jsse.jar;C:\Program Files\Java\jdk1.8.0_101\jre\lib\management-agent.jar;C:\Program Files\Java\jdk1.8.0_101\jre\lib\plugin.jar;C:\Program Files\Java\jdk1.8.0_101\jre\lib\resources.jar;C:\Program Files\Java\jdk1.8.0_101\jre\lib\rt.jar;C:\Sandbox\Sandbox\out\production\Sandbox;C:\Sandbox\Sandbox\lib\jars\slick-util.jar;C:\Sandbox\Sandbox\lib\jars\lwjgl_util.jar;C:\Sandbox\Sandbox\lib\jars\lwjgl.jar;C:\Program Files (x86)\JetBrains\IntelliJ IDEA 2017.1\lib\idea_rt.jar
Launcher Type: SUN_STANDARD

Environment Variables:
_JAVA_OPTIONS=-Xmx12244M
PATH=C:\ProgramData\Oracle\Java\javapath;C:\Program Files (x86)\Intel\iCLS Client\;C:\Program Files\Intel\iCLS Client\;C:\Windows\system32;C:\Windows;C:\Windows\System32\Wbem;C:\Windows\System32\WindowsPowerShell\v1.0\;C:\Program Files\Intel\Intel(R) Management Engine Components\DAL;C:\Program Files\Intel\Intel(R) Management Engine Components\IPT;C:\Program Files (x86)\Intel\Intel(R) Management Engine Components\DAL;C:\Program Files (x86)\Intel\Intel(R) Management Engine Components\IPT;D:\Program Files\Minecraft\WorldPainter;C:\Program Files (x86)\NVIDIA Corporation\PhysX\Common;C:\Program Files (x86)\Skype\Phone\;C:\Program Files (x86)\Gource\cmd;C:\Program Files\Microsoft SQL Server\120\Tools\Binn\;C:\Program Files\Microsoft SQL Server\130\Tools\Binn\
USERNAME=Owner
OS=Windows_NT
PROCESSOR_IDENTIFIER=Intel64 Family 6 Model 60 Stepping 3, GenuineIntel



---------------  S Y S T E M  ---------------

OS: Windows 7 , 64 bit Build 7601 (6.1.7601.23807)

CPU:total 8 (4 cores per cpu, 2 threads per core) family 6 model 60 stepping 3, cmov, cx8, fxsr, mmx, sse, sse2, sse3, ssse3, sse4.1, sse4.2, popcnt, avx, avx2, aes, clmul, erms, rtm, lzcnt, ht, tsc, tscinvbit, bmi1, bmi2

Memory: 4k page, physical 16713264k(11173816k free), swap 33424668k(25858024k free)

vm_info: Java HotSpot(TM) 64-Bit Server VM (25.101-b13) for windows-amd64 JRE (1.8.0_101-b13), built on Jun 22 2016 01:21:29 by "java_re" with MS VC++ 10.0 (VS2010)

time: Tue Jun 20 11:03:33 2017
elapsed time: 0 seconds (0d 0h 0m 0s)

