#
# A fatal error has been detected by the Java Runtime Environment:
#
#  EXCEPTION_ACCESS_VIOLATION (0xc0000005) at pc=0x00000000698f0507, pid=3088, tid=0x00000000000009d4
#
# JRE version: Java(TM) SE Runtime Environment (8.0_101-b13) (build 1.8.0_101-b13)
# Java VM: Java HotSpot(TM) 64-Bit Server VM (25.101-b13 mixed mode windows-amd64 compressed oops)
# Problematic frame:
# C  [nvoglv64.DLL+0xf70507]
#
# Failed to write core dump. Minidumps are not enabled by default on client versions of Windows
#
# If you would like to submit a bug report, please visit:
#   http://bugreport.java.com/bugreport/crash.jsp
# The crash happened outside the Java Virtual Machine in native code.
# See problematic frame for where to report the bug.
#

---------------  T H R E A D  ---------------

Current thread (0x0000000002198000):  JavaThread "main" [_thread_in_native, id=2516, stack(0x00000000024e0000,0x00000000025e0000)]

siginfo: ExceptionCode=0xc0000005, reading address 0x0000000000000000

Registers:
RAX=0x000000003677f7b4, RBX=0x00000000337313f8, RCX=0x00000000000005a0, RDX=0xffffffffc988084c
RSP=0x00000000025df338, RBP=0x0000000000000004, RSI=0x0000000000000000, RDI=0x000000003677f7b4
R8 =0x000000000000005a, R9 =0x000000000000005a, R10=0x0000000000000000, R11=0x000000003677f7b4
R12=0x0000000000000000, R13=0x0000000068980000, R14=0x0000000000000002, R15=0x0000000033731138
RIP=0x00000000698f0507, EFLAGS=0x0000000000010203

Top of Stack: (sp=0x00000000025df338)
0x00000000025df338:   0000000069464a6a 000000002ed4c008
0x00000000025df348:   00000000025df4b0 0000000002198f90
0x00000000025df358:   00000000693039bb 0000000002198000
0x00000000025df368:   000000000000005a 0000000000000000
0x00000000025df378:   00000000002d810b 0000000033731138
0x00000000025df388:   0000000069465852 0000000033730080
0x00000000025df398:   0000000000000004 0000000000000000
0x00000000025df3a8:   00000000029c7de6 0000000002198000
0x00000000025df3b8:   00000000025df4b0 000000002ed4c008
0x00000000025df3c8:   0000000000000000 0000000000000586
0x00000000025df3d8:   00000000029c7f54 000000002ed4c008
0x00000000025df3e8:   00000000025df470 0000000000000128
0x00000000025df3f8:   00000000029c7cbd 000000000000005a
0x00000000025df408:   00000000693ba1d0 0000000000000128
0x00000000025df418:   0000000002198000 00000000025df530
0x00000000025df428:   00000000029c7c82 00000000025df430 

Instructions: (pc=0x00000000698f0507)
0x00000000698f04e7:   0f ba 25 11 fc 0a 01 01 0f 83 ab 01 00 00 49 8b
0x00000000698f04f7:   c3 4c 8b df 48 8b f9 49 8b c8 4c 8b c6 49 8b f2
0x00000000698f0507:   f3 a4 49 8b f0 49 8b fb c3 0f 10 02 41 0f 10 4c
0x00000000698f0517:   10 f0 0f 11 01 41 0f 11 4c 08 f0 48 8b c1 c3 66 


Register to memory mapping:

RAX=0x000000003677f7b4 is an unknown value
RBX=0x00000000337313f8 is an unknown value
RCX=0x00000000000005a0 is an unknown value
RDX=0xffffffffc988084c is an unknown value
RSP=0x00000000025df338 is pointing into the stack for thread: 0x0000000002198000
RBP=0x0000000000000004 is an unknown value
RSI=0x0000000000000000 is an unknown value
RDI=0x000000003677f7b4 is an unknown value
R8 =0x000000000000005a is an unknown value
R9 =0x000000000000005a is an unknown value
R10=0x0000000000000000 is an unknown value
R11=0x000000003677f7b4 is an unknown value
R12=0x0000000000000000 is an unknown value
R13=0x0000000068980000 is an unknown value
R14=0x0000000000000002 is an unknown value
R15=0x0000000033731138 is an unknown value


Stack: [0x00000000024e0000,0x00000000025e0000],  sp=0x00000000025df338,  free space=1020k
Native frames: (J=compiled Java code, j=interpreted, Vv=VM code, C=native code)
C  [nvoglv64.DLL+0xf70507]
C  [nvoglv64.DLL+0xae4a6a]
C  [nvoglv64.DLL+0xae5852]
C  0x00000000029c7f54

Java frames: (J=compiled Java code, j=interpreted, Vv=VM code)
j  org.lwjgl.opengl.GL11.nglDrawArrays(IIIJ)V+0
j  org.lwjgl.opengl.GL11.glDrawArrays(III)V+20
j  engine.entity.EntityRenderer.render(Lengine/graphics/Camera;)V+257
j  engine.graphics.Renderer.render()V+226
j  engine.game.state.menustate.MenuState.render()V+69
j  engine.game.state.menustate.MenuState.update()V+339
j  engine.game.Loop.update()V+293
j  engine.game.Startup.startLoop()V+0
j  engine.game.Startup.main([Ljava/lang/String;)V+6
v  ~StubRoutines::call_stub

---------------  P R O C E S S  ---------------

Java Threads: ( => current thread )
  0x00000000325cc000 JavaThread "AWT-Windows" daemon [_thread_in_native, id=6032, stack(0x0000000033150000,0x0000000033250000)]
  0x00000000325ca800 JavaThread "Java2D Disposer" daemon [_thread_blocked, id=8748, stack(0x0000000032ee0000,0x0000000032fe0000)]
  0x0000000030337000 JavaThread "Service Thread" daemon [_thread_blocked, id=2708, stack(0x00000000323f0000,0x00000000324f0000)]
  0x000000003032e800 JavaThread "C1 CompilerThread3" daemon [_thread_blocked, id=6580, stack(0x0000000032270000,0x0000000032370000)]
  0x000000003031a800 JavaThread "C2 CompilerThread2" daemon [_thread_blocked, id=7624, stack(0x0000000031540000,0x0000000031640000)]
  0x00000000302cb000 JavaThread "C2 CompilerThread1" daemon [_thread_blocked, id=3292, stack(0x0000000031e80000,0x0000000031f80000)]
  0x00000000302c9800 JavaThread "C2 CompilerThread0" daemon [_thread_blocked, id=8832, stack(0x0000000031ca0000,0x0000000031da0000)]
  0x00000000302c5000 JavaThread "Monitor Ctrl-Break" daemon [_thread_in_native, id=8280, stack(0x0000000031ac0000,0x0000000031bc0000)]
  0x000000003025e000 JavaThread "Attach Listener" daemon [_thread_blocked, id=8960, stack(0x00000000319a0000,0x0000000031aa0000)]
  0x000000003025d000 JavaThread "Signal Dispatcher" daemon [_thread_blocked, id=7932, stack(0x00000000317b0000,0x00000000318b0000)]
  0x000000002f1a2800 JavaThread "Finalizer" daemon [_thread_blocked, id=8292, stack(0x0000000031650000,0x0000000031750000)]
  0x000000002f19c800 JavaThread "Reference Handler" daemon [_thread_blocked, id=3356, stack(0x00000000313b0000,0x00000000314b0000)]
=>0x0000000002198000 JavaThread "main" [_thread_in_native, id=2516, stack(0x00000000024e0000,0x00000000025e0000)]

Other Threads:
  0x0000000030202000 VMThread [stack: 0x00000000311d0000,0x00000000312d0000] [id=8376]
  0x000000003033a000 WatcherThread [stack: 0x00000000320d0000,0x00000000321d0000] [id=8056]

VM state:not at safepoint (normal execution)

VM Mutex/Monitor currently owned by a thread: None

Heap:
 PSYoungGen      total 141824K, used 53350K [0x00000006c0f00000, 0x00000006d2400000, 0x00000007c0000000)
  eden space 131072K, 32% used [0x00000006c0f00000,0x00000006c389d638,0x00000006c8f00000)
  from space 10752K, 99% used [0x00000006c8f00000,0x00000006c997c228,0x00000006c9980000)
  to   space 10752K, 0% used [0x00000006d1980000,0x00000006d1980000,0x00000006d2400000)
 ParOldGen       total 175104K, used 1904K [0x00000004c2c00000, 0x00000004cd700000, 0x00000006c0f00000)
  object space 175104K, 1% used [0x00000004c2c00000,0x00000004c2ddc000,0x00000004cd700000)
 Metaspace       used 8827K, capacity 8977K, committed 9216K, reserved 1056768K
  class space    used 896K, capacity 959K, committed 1024K, reserved 1048576K

Card table byte_map: [0x0000000011d70000,0x0000000013560000] byte_map_base: 0x000000000f75a000

Marking Bits: (ParMarkBitMap*) 0x000000007023a6d0
 Begin Bits: [0x0000000015120000, 0x0000000021070000)
 End Bits:   [0x0000000021070000, 0x000000002cfc0000)

Polling page: 0x0000000000360000

CodeCache: size=245760Kb used=3435Kb max_used=3437Kb free=242324Kb
 bounds [0x00000000029b0000, 0x0000000002d20000, 0x00000000119b0000]
 total_blobs=1284 nmethods=775 adapters=422
 compilation: enabled

Compilation events (10 events):
Event: 1.304 Thread 0x000000003032e800 nmethod 771 0x0000000002cf5b50 code [0x0000000002cf5ca0, 0x0000000002cf5df0]
Event: 1.305 Thread 0x00000000302c9800  772       4       engine.game.Game::getDelta (4 bytes)
Event: 1.305 Thread 0x00000000302c9800 nmethod 772 0x0000000002cf2090 code [0x0000000002cf21c0, 0x0000000002cf2218]
Event: 1.305 Thread 0x000000003031a800 nmethod 763% 0x0000000002cfe7d0 code [0x0000000002cfe920, 0x0000000002cfeef8]
Event: 1.307 Thread 0x000000003032e800  773 %     3       engine.graphics.Renderer::render @ 2 (250 bytes)
Event: 1.312 Thread 0x000000003032e800 nmethod 773% 0x0000000002cff190 code [0x0000000002d000c0, 0x0000000002d08f18]
Event: 1.312 Thread 0x00000000302cb000  774 %     4       engine.graphics.Renderer::render @ 2 (250 bytes)
Event: 1.313 Thread 0x00000000302cb000 nmethod 774% 0x0000000002cfdad0 code [0x0000000002cfdc40, 0x0000000002cfddd8]
Event: 1.313 Thread 0x00000000302c9800  775       4       engine.graphics.Renderer::render (250 bytes)
Event: 1.315 Thread 0x00000000302c9800 nmethod 775 0x0000000002cfe2d0 code [0x0000000002cfe440, 0x0000000002cfe6f8]

GC Heap History (6 events):
Event: 0.807 GC heap before
{Heap before GC invocations=1 (full 0):
 PSYoungGen      total 76288K, used 65536K [0x00000006c0f00000, 0x00000006c6400000, 0x00000007c0000000)
  eden space 65536K, 100% used [0x00000006c0f00000,0x00000006c4f00000,0x00000006c4f00000)
  from space 10752K, 0% used [0x00000006c5980000,0x00000006c5980000,0x00000006c6400000)
  to   space 10752K, 0% used [0x00000006c4f00000,0x00000006c4f00000,0x00000006c5980000)
 ParOldGen       total 175104K, used 0K [0x00000004c2c00000, 0x00000004cd700000, 0x00000006c0f00000)
  object space 175104K, 0% used [0x00000004c2c00000,0x00000004c2c00000,0x00000004cd700000)
 Metaspace       used 8175K, capacity 8337K, committed 8576K, reserved 1056768K
  class space    used 827K, capacity 895K, committed 896K, reserved 1048576K
Event: 0.826 GC heap after
Heap after GC invocations=1 (full 0):
 PSYoungGen      total 76288K, used 9825K [0x00000006c0f00000, 0x00000006ca400000, 0x00000007c0000000)
  eden space 65536K, 0% used [0x00000006c0f00000,0x00000006c0f00000,0x00000006c4f00000)
  from space 10752K, 91% used [0x00000006c4f00000,0x00000006c5898498,0x00000006c5980000)
  to   space 10752K, 0% used [0x00000006c9980000,0x00000006c9980000,0x00000006ca400000)
 ParOldGen       total 175104K, used 8K [0x00000004c2c00000, 0x00000004cd700000, 0x00000006c0f00000)
  object space 175104K, 0% used [0x00000004c2c00000,0x00000004c2c02000,0x00000004cd700000)
 Metaspace       used 8175K, capacity 8337K, committed 8576K, reserved 1056768K
  class space    used 827K, capacity 895K, committed 896K, reserved 1048576K
}
Event: 0.973 GC heap before
{Heap before GC invocations=2 (full 0):
 PSYoungGen      total 76288K, used 75361K [0x00000006c0f00000, 0x00000006ca400000, 0x00000007c0000000)
  eden space 65536K, 100% used [0x00000006c0f00000,0x00000006c4f00000,0x00000006c4f00000)
  from space 10752K, 91% used [0x00000006c4f00000,0x00000006c5898498,0x00000006c5980000)
  to   space 10752K, 0% used [0x00000006c9980000,0x00000006c9980000,0x00000006ca400000)
 ParOldGen       total 175104K, used 8K [0x00000004c2c00000, 0x00000004cd700000, 0x00000006c0f00000)
  object space 175104K, 0% used [0x00000004c2c00000,0x00000004c2c02000,0x00000004cd700000)
 Metaspace       used 8222K, capacity 8401K, committed 8576K, reserved 1056768K
  class space    used 831K, capacity 895K, committed 896K, reserved 1048576K
Event: 0.977 GC heap after
Heap after GC invocations=2 (full 0):
 PSYoungGen      total 141824K, used 10720K [0x00000006c0f00000, 0x00000006ca400000, 0x00000007c0000000)
  eden space 131072K, 0% used [0x00000006c0f00000,0x00000006c0f00000,0x00000006c8f00000)
  from space 10752K, 99% used [0x00000006c9980000,0x00000006ca3f8238,0x00000006ca400000)
  to   space 10752K, 0% used [0x00000006c8f00000,0x00000006c8f00000,0x00000006c9980000)
 ParOldGen       total 175104K, used 1840K [0x00000004c2c00000, 0x00000004cd700000, 0x00000006c0f00000)
  object space 175104K, 1% used [0x00000004c2c00000,0x00000004c2dcc000,0x00000004cd700000)
 Metaspace       used 8222K, capacity 8401K, committed 8576K, reserved 1056768K
  class space    used 831K, capacity 895K, committed 896K, reserved 1048576K
}
Event: 1.157 GC heap before
{Heap before GC invocations=3 (full 0):
 PSYoungGen      total 141824K, used 141792K [0x00000006c0f00000, 0x00000006ca400000, 0x00000007c0000000)
  eden space 131072K, 100% used [0x00000006c0f00000,0x00000006c8f00000,0x00000006c8f00000)
  from space 10752K, 99% used [0x00000006c9980000,0x00000006ca3f8238,0x00000006ca400000)
  to   space 10752K, 0% used [0x00000006c8f00000,0x00000006c8f00000,0x00000006c9980000)
 ParOldGen       total 175104K, used 1840K [0x00000004c2c00000, 0x00000004cd700000, 0x00000006c0f00000)
  object space 175104K, 1% used [0x00000004c2c00000,0x00000004c2dcc000,0x00000004cd700000)
 Metaspace       used 8232K, capacity 8401K, committed 8576K, reserved 1056768K
  class space    used 831K, capacity 895K, committed 896K, reserved 1048576K
Event: 1.160 GC heap after
Heap after GC invocations=3 (full 0):
 PSYoungGen      total 141824K, used 10736K [0x00000006c0f00000, 0x00000006d2400000, 0x00000007c0000000)
  eden space 131072K, 0% used [0x00000006c0f00000,0x00000006c0f00000,0x00000006c8f00000)
  from space 10752K, 99% used [0x00000006c8f00000,0x00000006c997c228,0x00000006c9980000)
  to   space 10752K, 0% used [0x00000006d1980000,0x00000006d1980000,0x00000006d2400000)
 ParOldGen       total 175104K, used 1904K [0x00000004c2c00000, 0x00000004cd700000, 0x00000006c0f00000)
  object space 175104K, 1% used [0x00000004c2c00000,0x00000004c2ddc000,0x00000004cd700000)
 Metaspace       used 8232K, capacity 8401K, committed 8576K, reserved 1056768K
  class space    used 831K, capacity 895K, committed 896K, reserved 1048576K
}

Deoptimization events (9 events):
Event: 0.912 Thread 0x0000000002198000 Uncommon trap: reason=unloaded action=reinterpret pc=0x0000000002c673b8 method=engine.world.voxel.VoxelMesh.createVoxelMesh([[[III)Ltools/TerrainData; @ 555
Event: 1.023 Thread 0x0000000002198000 Uncommon trap: reason=null_check action=make_not_entrant pc=0x0000000002c13a50 method=engine.world.World.getVoxel(III)I @ 44
Event: 1.023 Thread 0x0000000002198000 Uncommon trap: reason=unstable_if action=reinterpret pc=0x0000000002c0e800 method=java.lang.Integer.stringSize(I)I @ 8
Event: 1.023 Thread 0x0000000002198000 Uncommon trap: reason=unstable_if action=reinterpret pc=0x0000000002c01b30 method=java.lang.Integer.getChars(II[C)V @ 110
Event: 1.023 Thread 0x0000000002198000 Uncommon trap: reason=unstable_if action=reinterpret pc=0x0000000002c0de00 method=java.lang.Integer.stringSize(I)I @ 8
Event: 1.203 Thread 0x0000000002198000 Uncommon trap: reason=unstable_if action=reinterpret pc=0x0000000002ca1edc method=java.util.ArrayList$SubList$1.hasNext()Z @ 11
Event: 1.249 Thread 0x0000000002198000 Uncommon trap: reason=unstable_if action=reinterpret pc=0x0000000002cd28ac method=sun.misc.FloatingDecimal.readJavaFormatString(Ljava/lang/String;)Lsun/misc/FloatingDecimal$ASCIIToBinaryConverter; @ 169
Event: 1.249 Thread 0x0000000002198000 Uncommon trap: reason=unstable_if action=reinterpret pc=0x0000000002c98efc method=sun.misc.FloatingDecimal$ASCIIToBinaryBuffer.floatValue()F @ 95
Event: 1.313 Thread 0x0000000002198000 Uncommon trap: reason=unstable_if action=reinterpret pc=0x0000000002cfdd00 method=engine.graphics.Renderer.render()V @ 5

Internal exceptions (10 events):
Event: 0.052 Thread 0x0000000002198000 Exception <a 'java/lang/NoSuchMethodError': Method sun.misc.Unsafe.defineClass(Ljava/lang/String;[BII)Ljava/lang/Class; name or signature does not match> (0x00000006c0f07cc0) thrown at [C:\re\workspace\8-2-build-windows-amd64-cygwin\jdk8u101\7261\hotspot\ss¹ýÒ‘ª?
Event: 0.052 Thread 0x0000000002198000 Exception <a 'java/lang/NoSuchMethodError': Method sun.misc.Unsafe.prefetchRead(Ljava/lang/Object;J)V name or signature does not match> (0x00000006c0f07fa8) thrown at [C:\re\workspace\8-2-build-windows-amd64-cygwin\jdk8u101\7261\hotspot\src\share\vm\prims\F
€/9Á?
Event: 0.135 Thread 0x0000000002198000 Exception <a 'java/security/PrivilegedActionException'> (0x00000006c12edab8) thrown at [C:\re\workspace\8-2-build-windows-amd64-cygwin\jdk8u101\7261\hotspot\src\share\vm\prims\jvm.cpp, line 1386]
Event: 0.135 Thread 0x0000000002198000 Exception <a 'java/security/PrivilegedActionException'> (0x00000006c12edcc8) thrown at [C:\re\workspace\8-2-build-windows-amd64-cygwin\jdk8u101\7261\hotspot\src\share\vm\prims\jvm.cpp, line 1386]
Event: 0.136 Thread 0x0000000002198000 Exception <a 'java/security/PrivilegedActionException'> (0x00000006c12f1bb0) thrown at [C:\re\workspace\8-2-build-windows-amd64-cygwin\jdk8u101\7261\hotspot\src\share\vm\prims\jvm.cpp, line 1386]
Event: 0.136 Thread 0x0000000002198000 Exception <a 'java/security/PrivilegedActionException'> (0x00000006c12f1dc0) thrown at [C:\re\workspace\8-2-build-windows-amd64-cygwin\jdk8u101\7261\hotspot\src\share\vm\prims\jvm.cpp, line 1386]
Event: 0.139 Thread 0x0000000002198000 Exception <a 'java/io/FileNotFoundException'> (0x00000006c12fa328) thrown at [C:\re\workspace\8-2-build-windows-amd64-cygwin\jdk8u101\7261\hotspot\src\share\vm\prims\jni.cpp, line 709]
Event: 0.160 Thread 0x0000000002198000 Exception <a 'java/lang/NoSuchFieldError': method resolution failed> (0x00000006c1426628) thrown at [C:\re\workspace\8-2-build-windows-amd64-cygwin\jdk8u101\7261\hotspot\src\share\vm\prims\methodHandles.cpp, line 1146]
Event: 0.161 Thread 0x0000000002198000 Exception <a 'java/lang/NoSuchFieldError': method resolution failed> (0x00000006c14344a0) thrown at [C:\re\workspace\8-2-build-windows-amd64-cygwin\jdk8u101\7261\hotspot\src\share\vm\prims\methodHandles.cpp, line 1146]
Event: 0.626 Thread 0x0000000002198000 Exception <a 'java/lang/ArrayIndexOutOfBoundsException': 1> (0x00000006c1aebed0) thrown at [C:\re\workspace\8-2-build-windows-amd64-cygwin\jdk8u101\7261\hotspot\src\share\vm\interpreter\interpreterRuntime.cpp, line 366]

Events (10 events):
Event: 1.298 Thread 0x0000000002198000 DEOPT UNPACKING pc=0x00000000029f787f sp=0x00000000025ded88 mode 0
Event: 1.303 loading class org/lwjgl/input/Cursor
Event: 1.303 loading class org/lwjgl/input/Cursor done
Event: 1.313 Thread 0x0000000002198000 DEOPT PACKING pc=0x0000000002d0719f sp=0x00000000025df240
Event: 1.313 Thread 0x0000000002198000 DEOPT UNPACKING pc=0x00000000029f787f sp=0x00000000025df318 mode 0
Event: 1.313 Thread 0x0000000002198000 Uncommon trap: trap_request=0xffffff65 fr.pc=0x0000000002cfdd00
Event: 1.313 Thread 0x0000000002198000 DEOPT PACKING pc=0x0000000002cfdd00 sp=0x00000000025df5f0
Event: 1.313 Thread 0x0000000002198000 DEOPT UNPACKING pc=0x00000000029f582a sp=0x00000000025df598 mode 2
Event: 1.314 loading class org/lwjgl/opengl/GL13
Event: 1.314 loading class org/lwjgl/opengl/GL13 done


Dynamic libraries:
0x000000013fef0000 - 0x000000013ff27000 	C:\Program Files\Java\jdk1.8.0_101\bin\java.exe
0x0000000076d10000 - 0x0000000076eba000 	C:\Windows\SYSTEM32\ntdll.dll
0x0000000076af0000 - 0x0000000076c0f000 	C:\Windows\system32\kernel32.dll
0x000007fefccf0000 - 0x000007fefcd5a000 	C:\Windows\system32\KERNELBASE.dll
0x000007fefed60000 - 0x000007fefee3b000 	C:\Windows\system32\ADVAPI32.dll
0x000007fefeb60000 - 0x000007fefebff000 	C:\Windows\system32\msvcrt.dll
0x000007fefdeb0000 - 0x000007fefdecf000 	C:\Windows\SYSTEM32\sechost.dll
0x000007fefea30000 - 0x000007fefeb5d000 	C:\Windows\system32\RPCRT4.dll
0x0000000076c10000 - 0x0000000076d0a000 	C:\Windows\system32\USER32.dll
0x000007fefe790000 - 0x000007fefe7f7000 	C:\Windows\system32\GDI32.dll
0x000007fefdff0000 - 0x000007fefdffe000 	C:\Windows\system32\LPK.dll
0x000007fefe000000 - 0x000007fefe0ca000 	C:\Windows\system32\USP10.dll
0x000007fefb1d0000 - 0x000007fefb3c4000 	C:\Windows\WinSxS\amd64_microsoft.windows.common-controls_6595b64144ccf1df_6.0.7601.18837_none_fa3b1e3d17594757\COMCTL32.dll
0x000007fefece0000 - 0x000007fefed51000 	C:\Windows\system32\SHLWAPI.dll
0x000007fefe0d0000 - 0x000007fefe0fe000 	C:\Windows\system32\IMM32.DLL
0x000007fefdcb0000 - 0x000007fefddb9000 	C:\Windows\system32\MSCTF.dll
0x000007fefc970000 - 0x000007fefc995000 	C:\Windows\system32\SspiCli.dll
0x0000000078940000 - 0x0000000078a12000 	C:\Program Files\Java\jdk1.8.0_101\jre\bin\msvcr100.dll
0x000000006fa20000 - 0x00000000702ba000 	C:\Program Files\Java\jdk1.8.0_101\jre\bin\server\jvm.dll
0x000007fef8f60000 - 0x000007fef8f69000 	C:\Windows\system32\WSOCK32.dll
0x000007fefde60000 - 0x000007fefdead000 	C:\Windows\system32\WS2_32.dll
0x000007fefe580000 - 0x000007fefe588000 	C:\Windows\system32\NSI.dll
0x000007fefa720000 - 0x000007fefa75b000 	C:\Windows\system32\WINMM.dll
0x000007fefbc40000 - 0x000007fefbc4c000 	C:\Windows\system32\VERSION.dll
0x0000000076ed0000 - 0x0000000076ed7000 	C:\Windows\system32\PSAPI.DLL
0x00000000652f0000 - 0x00000000652ff000 	C:\Program Files\Java\jdk1.8.0_101\jre\bin\verify.dll
0x00000000652c0000 - 0x00000000652e9000 	C:\Program Files\Java\jdk1.8.0_101\jre\bin\java.dll
0x000000006d620000 - 0x000000006d643000 	C:\Program Files\Java\jdk1.8.0_101\jre\bin\instrument.dll
0x0000000077170000 - 0x0000000077186000 	C:\Program Files\Java\jdk1.8.0_101\jre\bin\zip.dll
0x000007fefcf20000 - 0x000007fefdcaa000 	C:\Windows\system32\SHELL32.dll
0x000007fefe590000 - 0x000007fefe78c000 	C:\Windows\system32\ole32.dll
0x000007fefcb70000 - 0x000007fefcb7f000 	C:\Windows\system32\profapi.dll
0x000007fef0560000 - 0x000007fef057a000 	C:\Program Files (x86)\JetBrains\IntelliJ IDEA 2017.1\bin\breakgen64.dll
0x00000000770e0000 - 0x00000000770fa000 	C:\Program Files\Java\jdk1.8.0_101\jre\bin\net.dll
0x000007fefc330000 - 0x000007fefc385000 	C:\Windows\system32\mswsock.dll
0x000007fefc320000 - 0x000007fefc327000 	C:\Windows\System32\wship6.dll
0x000000006d090000 - 0x000000006d228000 	C:\Program Files\Java\jdk1.8.0_101\jre\bin\awt.dll
0x000007fefec00000 - 0x000007fefecda000 	C:\Windows\system32\OLEAUT32.dll
0x000007fefb140000 - 0x000007fefb196000 	C:\Windows\system32\uxtheme.dll
0x000007fefad60000 - 0x000007fefad78000 	C:\Windows\system32\dwmapi.dll
0x000007fefca00000 - 0x000007fefca0f000 	C:\Windows\system32\CRYPTBASE.dll
0x0000000180000000 - 0x0000000180051000 	C:\Sandbox\Sandbox\libs\lwjgl64.dll
0x000007feea140000 - 0x000007feea25d000 	C:\Windows\system32\OPENGL32.dll
0x000007fef1cd0000 - 0x000007fef1cfd000 	C:\Windows\system32\GLU32.dll
0x000007fee3940000 - 0x000007fee3a31000 	C:\Windows\system32\DDRAW.dll
0x000007fefa330000 - 0x000007fefa338000 	C:\Windows\system32\DCIMAN32.dll
0x000007fefee40000 - 0x000007feff017000 	C:\Windows\system32\SETUPAPI.dll
0x000007fefcd60000 - 0x000007fefcd96000 	C:\Windows\system32\CFGMGR32.dll
0x000007fefcf00000 - 0x000007fefcf1a000 	C:\Windows\system32\DEVOBJ.dll
0x0000000068980000 - 0x000000006ab0f000 	C:\Windows\system32\nvoglv64.DLL
0x000007fefab80000 - 0x000007fefab91000 	C:\Windows\system32\WTSAPI32.dll
0x000007fef8730000 - 0x000007fef8733000 	C:\Windows\system32\api-ms-win-core-synch-l1-2-0.DLL
0x000007fefcec0000 - 0x000007fefcefb000 	C:\Windows\system32\WINTRUST.dll
0x000007fefcb80000 - 0x000007fefcced000 	C:\Windows\system32\CRYPT32.dll
0x000007fefcb60000 - 0x000007fefcb6f000 	C:\Windows\system32\MSASN1.dll
0x000007fefa760000 - 0x000007fefa78d000 	C:\Windows\system32\ntmarta.dll
0x000007fefdf90000 - 0x000007fefdfe2000 	C:\Windows\system32\WLDAP32.dll
0x000007fefded0000 - 0x000007fefdf69000 	C:\Windows\system32\CLBCatQ.DLL
0x000007fef50f0000 - 0x000007fef518c000 	C:\Windows\system32\mscms.dll
0x000007fefcdc0000 - 0x000007fefcdde000 	C:\Windows\system32\USERENV.dll
0x000007feea580000 - 0x000007feea5c2000 	C:\Windows\system32\icm32.dll
0x000007fefbed0000 - 0x000007fefbf0d000 	C:\Windows\system32\WINSTA.dll
0x000007fefbd10000 - 0x000007fefbd17000 	C:\Windows\System32\wshtcpip.dll
0x000007fefc1b0000 - 0x000007fefc20b000 	C:\Windows\system32\DNSAPI.dll
0x000000006eb90000 - 0x000000006ebb6000 	C:\Program Files\Bonjour\mdnsNSP.dll
0x000007fefa140000 - 0x000007fefa167000 	C:\Windows\system32\Iphlpapi.DLL
0x000007fefa130000 - 0x000007fefa13b000 	C:\Windows\system32\WINNSI.DLL
0x000007fef7d70000 - 0x000007fef7d78000 	C:\Windows\system32\rasadhlp.dll
0x000007fef9df0000 - 0x000007fef9e43000 	C:\Windows\System32\fwpuclnt.dll
0x000007fef7090000 - 0x000007fef71b5000 	C:\Windows\system32\dbghelp.dll

VM Arguments:
jvm_args: -Djava.library.path=libs/ -javaagent:C:\Program Files (x86)\JetBrains\IntelliJ IDEA 2017.1\lib\idea_rt.jar=50702:C:\Program Files (x86)\JetBrains\IntelliJ IDEA 2017.1\bin -Dfile.encoding=UTF-8 -Xmx12244M 
java_command: engine.game.Startup
java_class_path (initial): C:\Program Files\Java\jdk1.8.0_101\jre\lib\charsets.jar;C:\Program Files\Java\jdk1.8.0_101\jre\lib\deploy.jar;C:\Program Files\Java\jdk1.8.0_101\jre\lib\ext\access-bridge-64.jar;C:\Program Files\Java\jdk1.8.0_101\jre\lib\ext\cldrdata.jar;C:\Program Files\Java\jdk1.8.0_101\jre\lib\ext\dnsns.jar;C:\Program Files\Java\jdk1.8.0_101\jre\lib\ext\jaccess.jar;C:\Program Files\Java\jdk1.8.0_101\jre\lib\ext\jfxrt.jar;C:\Program Files\Java\jdk1.8.0_101\jre\lib\ext\localedata.jar;C:\Program Files\Java\jdk1.8.0_101\jre\lib\ext\nashorn.jar;C:\Program Files\Java\jdk1.8.0_101\jre\lib\ext\sunec.jar;C:\Program Files\Java\jdk1.8.0_101\jre\lib\ext\sunjce_provider.jar;C:\Program Files\Java\jdk1.8.0_101\jre\lib\ext\sunmscapi.jar;C:\Program Files\Java\jdk1.8.0_101\jre\lib\ext\sunpkcs11.jar;C:\Program Files\Java\jdk1.8.0_101\jre\lib\ext\zipfs.jar;C:\Program Files\Java\jdk1.8.0_101\jre\lib\javaws.jar;C:\Program Files\Java\jdk1.8.0_101\jre\lib\jce.jar;C:\Program Files\Java\jdk1.8.0_101\jre\lib\jfr.jar;C:\Program Files\Java\jdk1.8.0_101\jre\lib\jfxswt.jar;C:\Program Files\Java\jdk1.8.0_101\jre\lib\jsse.jar;C:\Program Files\Java\jdk1.8.0_101\jre\lib\management-agent.jar;C:\Program Files\Java\jdk1.8.0_101\jre\lib\plugin.jar;C:\Program Files\Java\jdk1.8.0_101\jre\lib\resources.jar;C:\Program Files\Java\jdk1.8.0_101\jre\lib\rt.jar;C:\Sandbox\Sandbox\out\production\Sandbox;C:\Sandbox\Sandbox\lib\jars\slick-util.jar;C:\Sandbox\Sandbox\lib\jars\lwjgl_util.jar;C:\Sandbox\Sandbox\lib\jars\lwjgl.jar;C:\Program Files (x86)\JetBrains\IntelliJ IDEA 2017.1\lib\idea_rt.jar
Launcher Type: SUN_STANDARD

Environment Variables:
_JAVA_OPTIONS=-Xmx12244M
PATH=C:\ProgramData\Oracle\Java\javapath;C:\Program Files (x86)\Intel\iCLS Client\;C:\Program Files\Intel\iCLS Client\;C:\Windows\system32;C:\Windows;C:\Windows\System32\Wbem;C:\Windows\System32\WindowsPowerShell\v1.0\;C:\Program Files\Intel\Intel(R) Management Engine Components\DAL;C:\Program Files\Intel\Intel(R) Management Engine Components\IPT;C:\Program Files (x86)\Intel\Intel(R) Management Engine Components\DAL;C:\Program Files (x86)\Intel\Intel(R) Management Engine Components\IPT;D:\Program Files\Minecraft\WorldPainter;C:\Program Files (x86)\NVIDIA Corporation\PhysX\Common;C:\Program Files (x86)\Skype\Phone\;C:\Program Files (x86)\Gource\cmd
USERNAME=Owner
OS=Windows_NT
PROCESSOR_IDENTIFIER=Intel64 Family 6 Model 60 Stepping 3, GenuineIntel



---------------  S Y S T E M  ---------------

OS: Windows 7 , 64 bit Build 7601 (6.1.7601.23714)

CPU:total 8 (4 cores per cpu, 2 threads per core) family 6 model 60 stepping 3, cmov, cx8, fxsr, mmx, sse, sse2, sse3, ssse3, sse4.1, sse4.2, popcnt, avx, avx2, aes, clmul, erms, rtm, lzcnt, ht, tsc, tscinvbit, bmi1, bmi2

Memory: 4k page, physical 16713264k(10372252k free), swap 33424668k(24618640k free)

vm_info: Java HotSpot(TM) 64-Bit Server VM (25.101-b13) for windows-amd64 JRE (1.8.0_101-b13), built on Jun 22 2016 01:21:29 by "java_re" with MS VC++ 10.0 (VS2010)

time: Tue Apr 18 21:16:09 2017
elapsed time: 1 seconds (0d 0h 0m 1s)

